[2022/12/09 16:38:40] root INFO: Architecture :
[2022/12/09 16:38:40] root INFO:     Backbone : 
[2022/12/09 16:38:40] root INFO:         model_name : large
[2022/12/09 16:38:40] root INFO:         name : MobileNetV3
[2022/12/09 16:38:40] root INFO:         scale : 0.5
[2022/12/09 16:38:40] root INFO:     Head : 
[2022/12/09 16:38:40] root INFO:         k : 50
[2022/12/09 16:38:40] root INFO:         name : DBHead
[2022/12/09 16:38:40] root INFO:     Neck : 
[2022/12/09 16:38:40] root INFO:         name : DBFPN
[2022/12/09 16:38:40] root INFO:         out_channels : 256
[2022/12/09 16:38:40] root INFO:     Transform : None
[2022/12/09 16:38:40] root INFO:     algorithm : DB
[2022/12/09 16:38:40] root INFO:     model_type : det
[2022/12/09 16:38:40] root INFO: Eval : 
[2022/12/09 16:38:40] root INFO:     dataset : 
[2022/12/09 16:38:40] root INFO:         data_dir : D:\ML\Dataset\CCPD2019\ccpd_base
[2022/12/09 16:38:40] root INFO:         label_file_list : ['./work/dev_det.txt']
[2022/12/09 16:38:40] root INFO:         name : SimpleDataSet
[2022/12/09 16:38:40] root INFO:         transforms : 
[2022/12/09 16:38:40] root INFO:             DecodeImage : 
[2022/12/09 16:38:40] root INFO:                 channel_first : False
[2022/12/09 16:38:40] root INFO:                 img_mode : BGR
[2022/12/09 16:38:40] root INFO:             DetLabelEncode : None
[2022/12/09 16:38:40] root INFO:             DetResizeForTest : 
[2022/12/09 16:38:40] root INFO:                 image_shape : [736, 1280]
[2022/12/09 16:38:40] root INFO:             NormalizeImage : 
[2022/12/09 16:38:40] root INFO:                 mean : [0.485, 0.456, 0.406]
[2022/12/09 16:38:40] root INFO:                 order : hwc
[2022/12/09 16:38:40] root INFO:                 scale : 1./255.
[2022/12/09 16:38:40] root INFO:                 std : [0.229, 0.224, 0.225]
[2022/12/09 16:38:40] root INFO:             ToCHWImage : None
[2022/12/09 16:38:40] root INFO:             KeepKeys : 
[2022/12/09 16:38:40] root INFO:                 keep_keys : ['image', 'shape', 'polys', 'ignore_tags']
[2022/12/09 16:38:40] root INFO:     loader : 
[2022/12/09 16:38:40] root INFO:         batch_size_per_card : 1
[2022/12/09 16:38:40] root INFO:         drop_last : False
[2022/12/09 16:38:40] root INFO:         num_workers : 8
[2022/12/09 16:38:40] root INFO:         shuffle : False
[2022/12/09 16:38:40] root INFO:         use_shared_memory : False
[2022/12/09 16:38:40] root INFO: Global : 
[2022/12/09 16:38:40] root INFO:     cal_metric_during_train : False
[2022/12/09 16:38:40] root INFO:     checkpoints : None
[2022/12/09 16:38:40] root INFO:     debug : False
[2022/12/09 16:38:40] root INFO:     distributed : False
[2022/12/09 16:38:40] root INFO:     epoch_num : 1200
[2022/12/09 16:38:40] root INFO:     eval_batch_step : [0, 2000]
[2022/12/09 16:38:40] root INFO:     infer_img : doc/imgs_en/img_10.jpg
[2022/12/09 16:38:40] root INFO:     log_smooth_window : 20
[2022/12/09 16:38:40] root INFO:     pretrained_model : ./work/pretrain_models/MobileNetV3_large_x0_5_pretrained.pdparams
[2022/12/09 16:38:40] root INFO:     print_batch_step : 10
[2022/12/09 16:38:40] root INFO:     save_epoch_step : 1200
[2022/12/09 16:38:40] root INFO:     save_inference_dir : None
[2022/12/09 16:38:40] root INFO:     save_model_dir : ./output/db_mv3/
[2022/12/09 16:38:40] root INFO:     save_res_path : ./output/det_db/predicts_db.txt
[2022/12/09 16:38:40] root INFO:     use_gpu : True
[2022/12/09 16:38:40] root INFO:     use_visualdl : False
[2022/12/09 16:38:40] root INFO: Loss : 
[2022/12/09 16:38:40] root INFO:     alpha : 5
[2022/12/09 16:38:40] root INFO:     balance_loss : True
[2022/12/09 16:38:40] root INFO:     beta : 10
[2022/12/09 16:38:40] root INFO:     main_loss_type : DiceLoss
[2022/12/09 16:38:40] root INFO:     name : DBLoss
[2022/12/09 16:38:40] root INFO:     ohem_ratio : 3
[2022/12/09 16:38:40] root INFO: Metric : 
[2022/12/09 16:38:40] root INFO:     main_indicator : hmean
[2022/12/09 16:38:40] root INFO:     name : DetMetric
[2022/12/09 16:38:40] root INFO: Optimizer : 
[2022/12/09 16:38:40] root INFO:     beta1 : 0.9
[2022/12/09 16:38:40] root INFO:     beta2 : 0.999
[2022/12/09 16:38:40] root INFO:     lr : 
[2022/12/09 16:38:40] root INFO:         learning_rate : 0.001
[2022/12/09 16:38:40] root INFO:     name : Adam
[2022/12/09 16:38:40] root INFO:     regularizer : 
[2022/12/09 16:38:40] root INFO:         factor : 0
[2022/12/09 16:38:40] root INFO:         name : L2
[2022/12/09 16:38:40] root INFO: PostProcess : 
[2022/12/09 16:38:40] root INFO:     box_thresh : 0.6
[2022/12/09 16:38:40] root INFO:     max_candidates : 1000
[2022/12/09 16:38:40] root INFO:     name : DBPostProcess
[2022/12/09 16:38:40] root INFO:     thresh : 0.3
[2022/12/09 16:38:40] root INFO:     unclip_ratio : 1.5
[2022/12/09 16:38:40] root INFO: Train : 
[2022/12/09 16:38:40] root INFO:     dataset : 
[2022/12/09 16:38:40] root INFO:         data_dir : D:\ML\Dataset\CCPD2019\ccpd_base
[2022/12/09 16:38:40] root INFO:         label_file_list : ['./work/train_det.txt']
[2022/12/09 16:38:40] root INFO:         name : SimpleDataSet
[2022/12/09 16:38:40] root INFO:         ratio_list : [1.0]
[2022/12/09 16:38:40] root INFO:         transforms : 
[2022/12/09 16:38:40] root INFO:             DecodeImage : 
[2022/12/09 16:38:40] root INFO:                 channel_first : False
[2022/12/09 16:38:40] root INFO:                 img_mode : BGR
[2022/12/09 16:38:40] root INFO:             DetLabelEncode : None
[2022/12/09 16:38:40] root INFO:             IaaAugment : 
[2022/12/09 16:38:40] root INFO:                 augmenter_args : 
[2022/12/09 16:38:40] root INFO:                     args : 
[2022/12/09 16:38:40] root INFO:                         p : 0.5
[2022/12/09 16:38:40] root INFO:                     type : Fliplr
[2022/12/09 16:38:40] root INFO:                     args : 
[2022/12/09 16:38:40] root INFO:                         rotate : [-10, 10]
[2022/12/09 16:38:40] root INFO:                     type : Affine
[2022/12/09 16:38:40] root INFO:                     args : 
[2022/12/09 16:38:40] root INFO:                         size : [0.5, 3]
[2022/12/09 16:38:40] root INFO:                     type : Resize
[2022/12/09 16:38:40] root INFO:             EastRandomCropData : 
[2022/12/09 16:38:40] root INFO:                 keep_ratio : True
[2022/12/09 16:38:40] root INFO:                 max_tries : 50
[2022/12/09 16:38:40] root INFO:                 size : [640, 640]
[2022/12/09 16:38:40] root INFO:             MakeBorderMap : 
[2022/12/09 16:38:40] root INFO:                 shrink_ratio : 0.4
[2022/12/09 16:38:40] root INFO:                 thresh_max : 0.7
[2022/12/09 16:38:40] root INFO:                 thresh_min : 0.3
[2022/12/09 16:38:40] root INFO:             MakeShrinkMap : 
[2022/12/09 16:38:40] root INFO:                 min_text_size : 8
[2022/12/09 16:38:40] root INFO:                 shrink_ratio : 0.4
[2022/12/09 16:38:40] root INFO:             NormalizeImage : 
[2022/12/09 16:38:40] root INFO:                 mean : [0.485, 0.456, 0.406]
[2022/12/09 16:38:40] root INFO:                 order : hwc
[2022/12/09 16:38:40] root INFO:                 scale : 1./255.
[2022/12/09 16:38:40] root INFO:                 std : [0.229, 0.224, 0.225]
[2022/12/09 16:38:40] root INFO:             ToCHWImage : None
[2022/12/09 16:38:40] root INFO:             KeepKeys : 
[2022/12/09 16:38:40] root INFO:                 keep_keys : ['image', 'threshold_map', 'threshold_mask', 'shrink_map', 'shrink_mask']
[2022/12/09 16:38:40] root INFO:     loader : 
[2022/12/09 16:38:40] root INFO:         batch_size_per_card : 16
[2022/12/09 16:38:40] root INFO:         drop_last : False
[2022/12/09 16:38:40] root INFO:         num_workers : 8
[2022/12/09 16:38:40] root INFO:         shuffle : True
[2022/12/09 16:38:40] root INFO:         use_shared_memory : False
[2022/12/09 16:38:40] root INFO: train with paddle 2.4.0 and device Place(gpu:0)
[2022/12/09 16:38:40] root INFO: Initialize indexs of datasets:['./work/train_det.txt']
[2022/12/09 16:38:40] root INFO: Initialize indexs of datasets:['./work/dev_det.txt']
[2022/12/09 16:38:41] root INFO: The shape of model params neck.in2_conv.weight [256, 16, 1, 1] not matched with loaded params last_conv.weight [1280, 480, 1, 1] !
[2022/12/09 16:38:41] root INFO: The shape of model params neck.in3_conv.weight [256, 24, 1, 1] not matched with loaded params out.weight [1280, 1000] !
[2022/12/09 16:38:41] root INFO: The shape of model params neck.in4_conv.weight [256, 56, 1, 1] not matched with loaded params out.bias [1000] !
[2022/12/09 16:38:41] root INFO: loaded pretrained_model successful from ./work/pretrain_models/MobileNetV3_large_x0_5_pretrained.pdparams
[2022/12/09 16:38:41] root INFO: train dataloader has 10000 iters
[2022/12/09 16:38:41] root INFO: valid dataloader has 39999 iters
[2022/12/09 16:38:41] root INFO: During the training process, after the 0th iteration, an evaluation is run every 2000 iterations
[2022/12/09 16:38:41] root INFO: Initialize indexs of datasets:['./work/train_det.txt']
[2022/12/09 16:42:39] root INFO: Architecture : 
[2022/12/09 16:42:39] root INFO:     Backbone : 
[2022/12/09 16:42:39] root INFO:         model_name : large
[2022/12/09 16:42:39] root INFO:         name : MobileNetV3
[2022/12/09 16:42:39] root INFO:         scale : 0.5
[2022/12/09 16:42:39] root INFO:     Head : 
[2022/12/09 16:42:39] root INFO:         k : 50
[2022/12/09 16:42:39] root INFO:         name : DBHead
[2022/12/09 16:42:39] root INFO:     Neck : 
[2022/12/09 16:42:39] root INFO:         name : DBFPN
[2022/12/09 16:42:39] root INFO:         out_channels : 256
[2022/12/09 16:42:40] root INFO:     Transform : None
[2022/12/09 16:42:40] root INFO:     algorithm : DB
[2022/12/09 16:42:40] root INFO:     model_type : det
[2022/12/09 16:42:40] root INFO: Eval : 
[2022/12/09 16:42:40] root INFO:     dataset : 
[2022/12/09 16:42:40] root INFO:         data_dir : D:\ML\Dataset\CCPD2019\ccpd_base
[2022/12/09 16:42:40] root INFO:         label_file_list : ['./work/dev_det.txt']
[2022/12/09 16:42:40] root INFO:         name : SimpleDataSet
[2022/12/09 16:42:40] root INFO:         transforms : 
[2022/12/09 16:42:40] root INFO:             DecodeImage : 
[2022/12/09 16:42:40] root INFO:                 channel_first : False
[2022/12/09 16:42:40] root INFO:                 img_mode : BGR
[2022/12/09 16:42:40] root INFO:             DetLabelEncode : None
[2022/12/09 16:42:40] root INFO:             DetResizeForTest : 
[2022/12/09 16:42:40] root INFO:                 image_shape : [736, 1280]
[2022/12/09 16:42:40] root INFO:             NormalizeImage : 
[2022/12/09 16:42:40] root INFO:                 mean : [0.485, 0.456, 0.406]
[2022/12/09 16:42:40] root INFO:                 order : hwc
[2022/12/09 16:42:40] root INFO:                 scale : 1./255.
[2022/12/09 16:42:40] root INFO:                 std : [0.229, 0.224, 0.225]
[2022/12/09 16:42:40] root INFO:             ToCHWImage : None
[2022/12/09 16:42:40] root INFO:             KeepKeys : 
[2022/12/09 16:42:40] root INFO:                 keep_keys : ['image', 'shape', 'polys', 'ignore_tags']
[2022/12/09 16:42:40] root INFO:     loader : 
[2022/12/09 16:42:40] root INFO:         batch_size_per_card : 1
[2022/12/09 16:42:40] root INFO:         drop_last : False
[2022/12/09 16:42:40] root INFO:         num_workers : 8
[2022/12/09 16:42:40] root INFO:         shuffle : False
[2022/12/09 16:42:40] root INFO:         use_shared_memory : False
[2022/12/09 16:42:40] root INFO: Global : 
[2022/12/09 16:42:40] root INFO:     cal_metric_during_train : False
[2022/12/09 16:42:40] root INFO:     checkpoints : None
[2022/12/09 16:42:40] root INFO:     debug : False
[2022/12/09 16:42:40] root INFO:     distributed : False
[2022/12/09 16:42:40] root INFO:     epoch_num : 1200
[2022/12/09 16:42:40] root INFO:     eval_batch_step : [0, 2000]
[2022/12/09 16:42:40] root INFO:     infer_img : doc/imgs_en/img_10.jpg
[2022/12/09 16:42:40] root INFO:     log_smooth_window : 20
[2022/12/09 16:42:40] root INFO:     pretrained_model : ./work/pretrain_models/MobileNetV3_large_x0_5_pretrained.pdparams
[2022/12/09 16:42:40] root INFO:     print_batch_step : 10
[2022/12/09 16:42:40] root INFO:     save_epoch_step : 1200
[2022/12/09 16:42:40] root INFO:     save_inference_dir : None
[2022/12/09 16:42:40] root INFO:     save_model_dir : ./output/db_mv3/
[2022/12/09 16:42:40] root INFO:     save_res_path : ./output/det_db/predicts_db.txt
[2022/12/09 16:42:40] root INFO:     use_gpu : True
[2022/12/09 16:42:40] root INFO:     use_visualdl : False
[2022/12/09 16:42:40] root INFO: Loss : 
[2022/12/09 16:42:40] root INFO:     alpha : 5
[2022/12/09 16:42:40] root INFO:     balance_loss : True
[2022/12/09 16:42:40] root INFO:     beta : 10
[2022/12/09 16:42:40] root INFO:     main_loss_type : DiceLoss
[2022/12/09 16:42:40] root INFO:     name : DBLoss
[2022/12/09 16:42:40] root INFO:     ohem_ratio : 3
[2022/12/09 16:42:40] root INFO: Metric : 
[2022/12/09 16:42:40] root INFO:     main_indicator : hmean
[2022/12/09 16:42:40] root INFO:     name : DetMetric
[2022/12/09 16:42:40] root INFO: Optimizer : 
[2022/12/09 16:42:40] root INFO:     beta1 : 0.9
[2022/12/09 16:42:40] root INFO:     beta2 : 0.999
[2022/12/09 16:42:40] root INFO:     lr : 
[2022/12/09 16:42:40] root INFO:         learning_rate : 0.001
[2022/12/09 16:42:40] root INFO:     name : Adam
[2022/12/09 16:42:40] root INFO:     regularizer : 
[2022/12/09 16:42:40] root INFO:         factor : 0
[2022/12/09 16:42:40] root INFO:         name : L2
[2022/12/09 16:42:40] root INFO: PostProcess : 
[2022/12/09 16:42:40] root INFO:     box_thresh : 0.6
[2022/12/09 16:42:40] root INFO:     max_candidates : 1000
[2022/12/09 16:42:40] root INFO:     name : DBPostProcess
[2022/12/09 16:42:40] root INFO:     thresh : 0.3
[2022/12/09 16:42:40] root INFO:     unclip_ratio : 1.5
[2022/12/09 16:42:40] root INFO: Train : 
[2022/12/09 16:42:40] root INFO:     dataset : 
[2022/12/09 16:42:40] root INFO:         data_dir : D:\ML\Dataset\CCPD2019\ccpd_base
[2022/12/09 16:42:40] root INFO:         label_file_list : ['./work/train_det.txt']
[2022/12/09 16:42:40] root INFO:         name : SimpleDataSet
[2022/12/09 16:42:40] root INFO:         ratio_list : [1.0]
[2022/12/09 16:42:40] root INFO:         transforms : 
[2022/12/09 16:42:40] root INFO:             DecodeImage : 
[2022/12/09 16:42:40] root INFO:                 channel_first : False
[2022/12/09 16:42:40] root INFO:                 img_mode : BGR
[2022/12/09 16:42:40] root INFO:             DetLabelEncode : None
[2022/12/09 16:42:40] root INFO:             IaaAugment : 
[2022/12/09 16:42:40] root INFO:                 augmenter_args : 
[2022/12/09 16:42:40] root INFO:                     args : 
[2022/12/09 16:42:40] root INFO:                         p : 0.5
[2022/12/09 16:42:40] root INFO:                     type : Fliplr
[2022/12/09 16:42:40] root INFO:                     args : 
[2022/12/09 16:42:40] root INFO:                         rotate : [-10, 10]
[2022/12/09 16:42:40] root INFO:                     type : Affine
[2022/12/09 16:42:40] root INFO:                     args : 
[2022/12/09 16:42:40] root INFO:                         size : [0.5, 3]
[2022/12/09 16:42:40] root INFO:                     type : Resize
[2022/12/09 16:42:40] root INFO:             EastRandomCropData : 
[2022/12/09 16:42:40] root INFO:                 keep_ratio : True
[2022/12/09 16:42:40] root INFO:                 max_tries : 50
[2022/12/09 16:42:40] root INFO:                 size : [640, 640]
[2022/12/09 16:42:40] root INFO:             MakeBorderMap : 
[2022/12/09 16:42:40] root INFO:                 shrink_ratio : 0.4
[2022/12/09 16:42:40] root INFO:                 thresh_max : 0.7
[2022/12/09 16:42:40] root INFO:                 thresh_min : 0.3
[2022/12/09 16:42:40] root INFO:             MakeShrinkMap : 
[2022/12/09 16:42:40] root INFO:                 min_text_size : 8
[2022/12/09 16:42:40] root INFO:                 shrink_ratio : 0.4
[2022/12/09 16:42:40] root INFO:             NormalizeImage : 
[2022/12/09 16:42:40] root INFO:                 mean : [0.485, 0.456, 0.406]
[2022/12/09 16:42:40] root INFO:                 order : hwc
[2022/12/09 16:42:40] root INFO:                 scale : 1./255.
[2022/12/09 16:42:40] root INFO:                 std : [0.229, 0.224, 0.225]
[2022/12/09 16:42:40] root INFO:             ToCHWImage : None
[2022/12/09 16:42:40] root INFO:             KeepKeys : 
[2022/12/09 16:42:40] root INFO:                 keep_keys : ['image', 'threshold_map', 'threshold_mask', 'shrink_map', 'shrink_mask']
[2022/12/09 16:42:40] root INFO:     loader : 
[2022/12/09 16:42:40] root INFO:         batch_size_per_card : 16
[2022/12/09 16:42:40] root INFO:         drop_last : False
[2022/12/09 16:42:40] root INFO:         num_workers : 8
[2022/12/09 16:42:40] root INFO:         shuffle : True
[2022/12/09 16:42:40] root INFO:         use_shared_memory : False
[2022/12/09 16:42:40] root INFO: train with paddle 2.4.0 and device Place(gpu:0)
[2022/12/09 16:42:40] root INFO: Initialize indexs of datasets:['./work/train_det.txt']
[2022/12/09 16:42:42] root INFO: Initialize indexs of datasets:['./work/dev_det.txt']
[2022/12/09 16:42:46] root INFO: The shape of model params neck.in2_conv.weight [256, 16, 1, 1] not matched with loaded params last_conv.weight [1280, 480, 1, 1] !
[2022/12/09 16:42:46] root INFO: The shape of model params neck.in3_conv.weight [256, 24, 1, 1] not matched with loaded params out.weight [1280, 1000] !
[2022/12/09 16:42:46] root INFO: The shape of model params neck.in4_conv.weight [256, 56, 1, 1] not matched with loaded params out.bias [1000] !
[2022/12/09 16:42:46] root INFO: loaded pretrained_model successful from ./work/pretrain_models/MobileNetV3_large_x0_5_pretrained.pdparams
[2022/12/09 16:42:47] root INFO: train dataloader has 10000 iters
[2022/12/09 16:42:47] root INFO: valid dataloader has 39999 iters
[2022/12/09 16:42:47] root INFO: During the training process, after the 0th iteration, an evaluation is run every 2000 iterations
[2022/12/09 16:42:47] root INFO: Initialize indexs of datasets:['./work/train_det.txt']
[2022/12/09 16:49:59] root INFO: Architecture : 
[2022/12/09 16:49:59] root INFO:     Backbone : 
[2022/12/09 16:49:59] root INFO:         model_name : large
[2022/12/09 16:49:59] root INFO:         name : MobileNetV3
[2022/12/09 16:49:59] root INFO:         scale : 0.5
[2022/12/09 16:49:59] root INFO:     Head : 
[2022/12/09 16:49:59] root INFO:         k : 50
[2022/12/09 16:49:59] root INFO:         name : DBHead
[2022/12/09 16:49:59] root INFO:     Neck : 
[2022/12/09 16:49:59] root INFO:         name : DBFPN
[2022/12/09 16:49:59] root INFO:         out_channels : 256
[2022/12/09 16:49:59] root INFO:     Transform : None
[2022/12/09 16:49:59] root INFO:     algorithm : DB
[2022/12/09 16:49:59] root INFO:     model_type : det
[2022/12/09 16:49:59] root INFO: Eval : 
[2022/12/09 16:49:59] root INFO:     dataset : 
[2022/12/09 16:49:59] root INFO:         data_dir : D:\ML\Dataset\CCPD2019\ccpd_base
[2022/12/09 16:49:59] root INFO:         label_file_list : ['./work/dev_det.txt']
[2022/12/09 16:49:59] root INFO:         name : SimpleDataSet
[2022/12/09 16:49:59] root INFO:         transforms : 
[2022/12/09 16:49:59] root INFO:             DecodeImage : 
[2022/12/09 16:49:59] root INFO:                 channel_first : False
[2022/12/09 16:49:59] root INFO:                 img_mode : BGR
[2022/12/09 16:49:59] root INFO:             DetLabelEncode : None
[2022/12/09 16:49:59] root INFO:             DetResizeForTest : 
[2022/12/09 16:49:59] root INFO:                 image_shape : [736, 1280]
[2022/12/09 16:49:59] root INFO:             NormalizeImage : 
[2022/12/09 16:49:59] root INFO:                 mean : [0.485, 0.456, 0.406]
[2022/12/09 16:49:59] root INFO:                 order : hwc
[2022/12/09 16:49:59] root INFO:                 scale : 1./255.
[2022/12/09 16:49:59] root INFO:                 std : [0.229, 0.224, 0.225]
[2022/12/09 16:49:59] root INFO:             ToCHWImage : None
[2022/12/09 16:49:59] root INFO:             KeepKeys : 
[2022/12/09 16:49:59] root INFO:                 keep_keys : ['image', 'shape', 'polys', 'ignore_tags']
[2022/12/09 16:49:59] root INFO:     loader : 
[2022/12/09 16:49:59] root INFO:         batch_size_per_card : 1
[2022/12/09 16:49:59] root INFO:         drop_last : False
[2022/12/09 16:49:59] root INFO:         num_workers : 8
[2022/12/09 16:49:59] root INFO:         shuffle : False
[2022/12/09 16:49:59] root INFO:         use_shared_memory : False
[2022/12/09 16:49:59] root INFO: Global : 
[2022/12/09 16:49:59] root INFO:     cal_metric_during_train : False
[2022/12/09 16:49:59] root INFO:     checkpoints : None
[2022/12/09 16:49:59] root INFO:     debug : False
[2022/12/09 16:49:59] root INFO:     distributed : False
[2022/12/09 16:49:59] root INFO:     epoch_num : 1200
[2022/12/09 16:49:59] root INFO:     eval_batch_step : [0, 2000]
[2022/12/09 16:49:59] root INFO:     infer_img : doc/imgs_en/img_10.jpg
[2022/12/09 16:49:59] root INFO:     log_smooth_window : 20
[2022/12/09 16:49:59] root INFO:     pretrained_model : ./work/pretrain_models/MobileNetV3_large_x0_5_pretrained.pdparams
[2022/12/09 16:49:59] root INFO:     print_batch_step : 10
[2022/12/09 16:49:59] root INFO:     save_epoch_step : 1200
[2022/12/09 16:49:59] root INFO:     save_inference_dir : None
[2022/12/09 16:49:59] root INFO:     save_model_dir : ./output/db_mv3/
[2022/12/09 16:49:59] root INFO:     save_res_path : ./output/det_db/predicts_db.txt
[2022/12/09 16:49:59] root INFO:     use_gpu : False
[2022/12/09 16:49:59] root INFO:     use_visualdl : False
[2022/12/09 16:49:59] root INFO: Loss : 
[2022/12/09 16:49:59] root INFO:     alpha : 5
[2022/12/09 16:49:59] root INFO:     balance_loss : True
[2022/12/09 16:49:59] root INFO:     beta : 10
[2022/12/09 16:49:59] root INFO:     main_loss_type : DiceLoss
[2022/12/09 16:49:59] root INFO:     name : DBLoss
[2022/12/09 16:49:59] root INFO:     ohem_ratio : 3
[2022/12/09 16:49:59] root INFO: Metric : 
[2022/12/09 16:49:59] root INFO:     main_indicator : hmean
[2022/12/09 16:49:59] root INFO:     name : DetMetric
[2022/12/09 16:49:59] root INFO: Optimizer : 
[2022/12/09 16:49:59] root INFO:     beta1 : 0.9
[2022/12/09 16:49:59] root INFO:     beta2 : 0.999
[2022/12/09 16:49:59] root INFO:     lr : 
[2022/12/09 16:49:59] root INFO:         learning_rate : 0.001
[2022/12/09 16:49:59] root INFO:     name : Adam
[2022/12/09 16:49:59] root INFO:     regularizer : 
[2022/12/09 16:49:59] root INFO:         factor : 0
[2022/12/09 16:49:59] root INFO:         name : L2
[2022/12/09 16:49:59] root INFO: PostProcess : 
[2022/12/09 16:49:59] root INFO:     box_thresh : 0.6
[2022/12/09 16:49:59] root INFO:     max_candidates : 1000
[2022/12/09 16:49:59] root INFO:     name : DBPostProcess
[2022/12/09 16:49:59] root INFO:     thresh : 0.3
[2022/12/09 16:49:59] root INFO:     unclip_ratio : 1.5
[2022/12/09 16:49:59] root INFO: Train : 
[2022/12/09 16:49:59] root INFO:     dataset : 
[2022/12/09 16:49:59] root INFO:         data_dir : D:\ML\Dataset\CCPD2019\ccpd_base
[2022/12/09 16:49:59] root INFO:         label_file_list : ['./work/train_det.txt']
[2022/12/09 16:49:59] root INFO:         name : SimpleDataSet
[2022/12/09 16:49:59] root INFO:         ratio_list : [1.0]
[2022/12/09 16:49:59] root INFO:         transforms : 
[2022/12/09 16:49:59] root INFO:             DecodeImage : 
[2022/12/09 16:49:59] root INFO:                 channel_first : False
[2022/12/09 16:49:59] root INFO:                 img_mode : BGR
[2022/12/09 16:49:59] root INFO:             DetLabelEncode : None
[2022/12/09 16:49:59] root INFO:             IaaAugment : 
[2022/12/09 16:49:59] root INFO:                 augmenter_args : 
[2022/12/09 16:49:59] root INFO:                     args : 
[2022/12/09 16:49:59] root INFO:                         p : 0.5
[2022/12/09 16:49:59] root INFO:                     type : Fliplr
[2022/12/09 16:49:59] root INFO:                     args : 
[2022/12/09 16:49:59] root INFO:                         rotate : [-10, 10]
[2022/12/09 16:49:59] root INFO:                     type : Affine
[2022/12/09 16:49:59] root INFO:                     args : 
[2022/12/09 16:49:59] root INFO:                         size : [0.5, 3]
[2022/12/09 16:49:59] root INFO:                     type : Resize
[2022/12/09 16:49:59] root INFO:             EastRandomCropData : 
[2022/12/09 16:49:59] root INFO:                 keep_ratio : True
[2022/12/09 16:49:59] root INFO:                 max_tries : 50
[2022/12/09 16:49:59] root INFO:                 size : [640, 640]
[2022/12/09 16:49:59] root INFO:             MakeBorderMap : 
[2022/12/09 16:49:59] root INFO:                 shrink_ratio : 0.4
[2022/12/09 16:49:59] root INFO:                 thresh_max : 0.7
[2022/12/09 16:49:59] root INFO:                 thresh_min : 0.3
[2022/12/09 16:49:59] root INFO:             MakeShrinkMap : 
[2022/12/09 16:49:59] root INFO:                 min_text_size : 8
[2022/12/09 16:49:59] root INFO:                 shrink_ratio : 0.4
[2022/12/09 16:49:59] root INFO:             NormalizeImage : 
[2022/12/09 16:49:59] root INFO:                 mean : [0.485, 0.456, 0.406]
[2022/12/09 16:49:59] root INFO:                 order : hwc
[2022/12/09 16:49:59] root INFO:                 scale : 1./255.
[2022/12/09 16:49:59] root INFO:                 std : [0.229, 0.224, 0.225]
[2022/12/09 16:49:59] root INFO:             ToCHWImage : None
[2022/12/09 16:49:59] root INFO:             KeepKeys : 
[2022/12/09 16:49:59] root INFO:                 keep_keys : ['image', 'threshold_map', 'threshold_mask', 'shrink_map', 'shrink_mask']
[2022/12/09 16:49:59] root INFO:     loader : 
[2022/12/09 16:49:59] root INFO:         batch_size_per_card : 16
[2022/12/09 16:49:59] root INFO:         drop_last : False
[2022/12/09 16:49:59] root INFO:         num_workers : 8
[2022/12/09 16:49:59] root INFO:         shuffle : True
[2022/12/09 16:49:59] root INFO:         use_shared_memory : False
[2022/12/09 16:49:59] root INFO: train with paddle 2.4.0 and device Place(cpu)
[2022/12/09 16:49:59] root INFO: Initialize indexs of datasets:['./work/train_det.txt']
[2022/12/09 16:50:02] root INFO: Initialize indexs of datasets:['./work/dev_det.txt']
[2022/12/09 16:50:03] root INFO: The shape of model params neck.in2_conv.weight [256, 16, 1, 1] not matched with loaded params last_conv.weight [1280, 480, 1, 1] !
[2022/12/09 16:50:03] root INFO: The shape of model params neck.in3_conv.weight [256, 24, 1, 1] not matched with loaded params out.weight [1280, 1000] !
[2022/12/09 16:50:03] root INFO: The shape of model params neck.in4_conv.weight [256, 56, 1, 1] not matched with loaded params out.bias [1000] !
[2022/12/09 16:50:03] root INFO: loaded pretrained_model successful from ./work/pretrain_models/MobileNetV3_large_x0_5_pretrained.pdparams
[2022/12/09 16:50:03] root INFO: train dataloader has 10000 iters
[2022/12/09 16:50:03] root INFO: valid dataloader has 39999 iters
[2022/12/09 16:50:03] root INFO: During the training process, after the 0th iteration, an evaluation is run every 2000 iterations
[2022/12/09 16:50:03] root INFO: Initialize indexs of datasets:['./work/train_det.txt']
[2022/12/09 17:01:13] root INFO: epoch: [1/1200], iter: 10, lr: 0.001000, loss: 7.184396, loss_shrink_maps: 4.524477, loss_threshold_maps: 1.715907, loss_binary_maps: 0.910704, reader_cost: 0.19902 s, batch_cost: 66.90326 s, samples: 176, ips: 0.26307
[2022/12/09 17:11:20] root INFO: epoch: [1/1200], iter: 20, lr: 0.001000, loss: 6.280020, loss_shrink_maps: 4.396690, loss_threshold_maps: 1.010612, loss_binary_maps: 0.872718, reader_cost: 0.01174 s, batch_cost: 60.68938 s, samples: 160, ips: 0.26364
[2022/12/09 17:21:05] root INFO: epoch: [1/1200], iter: 30, lr: 0.001000, loss: 5.039151, loss_shrink_maps: 3.592911, loss_threshold_maps: 0.760493, loss_binary_maps: 0.644920, reader_cost: 0.00229 s, batch_cost: 58.43343 s, samples: 160, ips: 0.27382
[2022/12/09 17:31:51] root INFO: epoch: [1/1200], iter: 40, lr: 0.001000, loss: 4.306330, loss_shrink_maps: 3.029560, loss_threshold_maps: 0.663090, loss_binary_maps: 0.530840, reader_cost: 0.02844 s, batch_cost: 64.54558 s, samples: 160, ips: 0.24789
[2022/12/09 17:41:13] root INFO: epoch: [1/1200], iter: 50, lr: 0.001000, loss: 3.758024, loss_shrink_maps: 2.699280, loss_threshold_maps: 0.587592, loss_binary_maps: 0.482077, reader_cost: 0.00193 s, batch_cost: 56.28082 s, samples: 160, ips: 0.28429
[2022/12/09 17:50:35] root INFO: epoch: [1/1200], iter: 60, lr: 0.001000, loss: 3.198207, loss_shrink_maps: 2.257311, loss_threshold_maps: 0.525527, loss_binary_maps: 0.406097, reader_cost: 0.00200 s, batch_cost: 56.19179 s, samples: 160, ips: 0.28474
[2022/12/09 17:59:47] root INFO: epoch: [1/1200], iter: 70, lr: 0.001000, loss: 2.800259, loss_shrink_maps: 1.949155, loss_threshold_maps: 0.501485, loss_binary_maps: 0.354240, reader_cost: 0.00309 s, batch_cost: 55.16518 s, samples: 160, ips: 0.29004
[2022/12/09 18:09:13] root INFO: epoch: [1/1200], iter: 80, lr: 0.001000, loss: 1.999146, loss_shrink_maps: 1.318852, loss_threshold_maps: 0.501220, loss_binary_maps: 0.194867, reader_cost: 0.00010 s, batch_cost: 56.56534 s, samples: 160, ips: 0.28286
[2022/12/09 18:17:57] root INFO: epoch: [1/1200], iter: 90, lr: 0.001000, loss: 1.411237, loss_shrink_maps: 0.772348, loss_threshold_maps: 0.506147, loss_binary_maps: 0.102352, reader_cost: 0.00020 s, batch_cost: 52.28318 s, samples: 160, ips: 0.30603
[2022/12/09 18:26:13] root INFO: epoch: [1/1200], iter: 100, lr: 0.001000, loss: 1.147097, loss_shrink_maps: 0.572072, loss_threshold_maps: 0.478196, loss_binary_maps: 0.080907, reader_cost: 0.00010 s, batch_cost: 49.66098 s, samples: 160, ips: 0.32218
[2022/12/09 18:34:30] root INFO: epoch: [1/1200], iter: 110, lr: 0.001000, loss: 1.054164, loss_shrink_maps: 0.488276, loss_threshold_maps: 0.460548, loss_binary_maps: 0.076275, reader_cost: 0.00020 s, batch_cost: 49.64595 s, samples: 160, ips: 0.32228
[2022/12/09 18:42:47] root INFO: epoch: [1/1200], iter: 120, lr: 0.001000, loss: 0.951688, loss_shrink_maps: 0.454612, loss_threshold_maps: 0.427535, loss_binary_maps: 0.074523, reader_cost: 0.00010 s, batch_cost: 49.68892 s, samples: 160, ips: 0.32200
[2022/12/09 18:51:02] root INFO: epoch: [1/1200], iter: 130, lr: 0.001000, loss: 0.967515, loss_shrink_maps: 0.464894, loss_threshold_maps: 0.438348, loss_binary_maps: 0.080563, reader_cost: 0.00000 s, batch_cost: 49.55712 s, samples: 160, ips: 0.32286
[2022/12/09 18:59:23] root INFO: epoch: [1/1200], iter: 140, lr: 0.001000, loss: 0.962221, loss_shrink_maps: 0.456850, loss_threshold_maps: 0.448208, loss_binary_maps: 0.080563, reader_cost: 0.00010 s, batch_cost: 50.08951 s, samples: 160, ips: 0.31943
[2022/12/09 19:07:43] root INFO: epoch: [1/1200], iter: 150, lr: 0.001000, loss: 0.865870, loss_shrink_maps: 0.391890, loss_threshold_maps: 0.407013, loss_binary_maps: 0.068951, reader_cost: 0.00010 s, batch_cost: 50.02201 s, samples: 160, ips: 0.31986
[2022/12/09 19:15:59] root INFO: epoch: [1/1200], iter: 160, lr: 0.001000, loss: 0.810519, loss_shrink_maps: 0.351927, loss_threshold_maps: 0.393709, loss_binary_maps: 0.061555, reader_cost: 0.00000 s, batch_cost: 49.61460 s, samples: 160, ips: 0.32249
[2022/12/09 19:24:14] root INFO: epoch: [1/1200], iter: 170, lr: 0.001000, loss: 0.816619, loss_shrink_maps: 0.355663, loss_threshold_maps: 0.403269, loss_binary_maps: 0.061795, reader_cost: 0.00010 s, batch_cost: 49.43766 s, samples: 160, ips: 0.32364
[2022/12/09 19:32:29] root INFO: epoch: [1/1200], iter: 180, lr: 0.001000, loss: 0.820422, loss_shrink_maps: 0.349545, loss_threshold_maps: 0.396757, loss_binary_maps: 0.061530, reader_cost: 0.00010 s, batch_cost: 49.54074 s, samples: 160, ips: 0.32297
[2022/12/09 19:40:44] root INFO: epoch: [1/1200], iter: 190, lr: 0.001000, loss: 0.764103, loss_shrink_maps: 0.312210, loss_threshold_maps: 0.382589, loss_binary_maps: 0.056689, reader_cost: 0.00010 s, batch_cost: 49.50365 s, samples: 160, ips: 0.32321
[2022/12/09 19:49:02] root INFO: epoch: [1/1200], iter: 200, lr: 0.001000, loss: 0.732141, loss_shrink_maps: 0.297800, loss_threshold_maps: 0.375444, loss_binary_maps: 0.053839, reader_cost: 0.00010 s, batch_cost: 49.74505 s, samples: 160, ips: 0.32164
[2022/12/09 19:57:16] root INFO: epoch: [1/1200], iter: 210, lr: 0.001000, loss: 0.740690, loss_shrink_maps: 0.315601, loss_threshold_maps: 0.380098, loss_binary_maps: 0.057927, reader_cost: 0.00050 s, batch_cost: 49.44494 s, samples: 160, ips: 0.32359
[2022/12/09 20:05:31] root INFO: epoch: [1/1200], iter: 220, lr: 0.001000, loss: 0.736410, loss_shrink_maps: 0.310264, loss_threshold_maps: 0.370769, loss_binary_maps: 0.057253, reader_cost: 0.00000 s, batch_cost: 49.44274 s, samples: 160, ips: 0.32361
[2022/12/09 20:13:49] root INFO: epoch: [1/1200], iter: 230, lr: 0.001000, loss: 0.737516, loss_shrink_maps: 0.302644, loss_threshold_maps: 0.371364, loss_binary_maps: 0.056433, reader_cost: 0.00010 s, batch_cost: 49.80635 s, samples: 160, ips: 0.32124
[2022/12/09 20:22:04] root INFO: epoch: [1/1200], iter: 240, lr: 0.001000, loss: 0.727456, loss_shrink_maps: 0.283776, loss_threshold_maps: 0.372181, loss_binary_maps: 0.053297, reader_cost: 0.00030 s, batch_cost: 49.51346 s, samples: 160, ips: 0.32314
[2022/12/09 20:30:19] root INFO: epoch: [1/1200], iter: 250, lr: 0.001000, loss: 0.686472, loss_shrink_maps: 0.279834, loss_threshold_maps: 0.357700, loss_binary_maps: 0.052203, reader_cost: 0.00020 s, batch_cost: 49.53108 s, samples: 160, ips: 0.32303
[2022/12/09 20:38:35] root INFO: epoch: [1/1200], iter: 260, lr: 0.001000, loss: 0.695593, loss_shrink_maps: 0.290093, loss_threshold_maps: 0.351598, loss_binary_maps: 0.055425, reader_cost: 0.00040 s, batch_cost: 49.60317 s, samples: 160, ips: 0.32256
[2022/12/09 20:46:52] root INFO: epoch: [1/1200], iter: 270, lr: 0.001000, loss: 0.693893, loss_shrink_maps: 0.281262, loss_threshold_maps: 0.356009, loss_binary_maps: 0.052463, reader_cost: 0.00020 s, batch_cost: 49.64818 s, samples: 160, ips: 0.32227
[2022/12/09 20:55:07] root INFO: epoch: [1/1200], iter: 280, lr: 0.001000, loss: 0.700732, loss_shrink_maps: 0.271506, loss_threshold_maps: 0.367610, loss_binary_maps: 0.051062, reader_cost: 0.00020 s, batch_cost: 49.51083 s, samples: 160, ips: 0.32316
[2022/12/09 21:03:27] root INFO: epoch: [1/1200], iter: 290, lr: 0.001000, loss: 0.681896, loss_shrink_maps: 0.269162, loss_threshold_maps: 0.347318, loss_binary_maps: 0.051744, reader_cost: 0.00010 s, batch_cost: 49.98944 s, samples: 160, ips: 0.32007
[2022/12/09 21:11:45] root INFO: epoch: [1/1200], iter: 300, lr: 0.001000, loss: 0.656795, loss_shrink_maps: 0.269144, loss_threshold_maps: 0.338046, loss_binary_maps: 0.050983, reader_cost: 0.00010 s, batch_cost: 49.78240 s, samples: 160, ips: 0.32140
[2022/12/09 21:20:05] root INFO: epoch: [1/1200], iter: 310, lr: 0.001000, loss: 0.660264, loss_shrink_maps: 0.268284, loss_threshold_maps: 0.342395, loss_binary_maps: 0.050164, reader_cost: 0.00020 s, batch_cost: 50.06524 s, samples: 160, ips: 0.31958
[2022/12/09 21:28:24] root INFO: epoch: [1/1200], iter: 320, lr: 0.001000, loss: 0.661200, loss_shrink_maps: 0.255888, loss_threshold_maps: 0.342190, loss_binary_maps: 0.049087, reader_cost: 0.00020 s, batch_cost: 49.88049 s, samples: 160, ips: 0.32077
[2022/12/09 21:36:39] root INFO: epoch: [1/1200], iter: 330, lr: 0.001000, loss: 0.635974, loss_shrink_maps: 0.249836, loss_threshold_maps: 0.340766, loss_binary_maps: 0.046985, reader_cost: 0.00020 s, batch_cost: 49.50324 s, samples: 160, ips: 0.32321
[2022/12/09 21:44:55] root INFO: epoch: [1/1200], iter: 340, lr: 0.001000, loss: 0.623214, loss_shrink_maps: 0.239983, loss_threshold_maps: 0.333801, loss_binary_maps: 0.046153, reader_cost: 0.00010 s, batch_cost: 49.53915 s, samples: 160, ips: 0.32298
[2022/12/09 21:53:10] root INFO: epoch: [1/1200], iter: 350, lr: 0.001000, loss: 0.610513, loss_shrink_maps: 0.253820, loss_threshold_maps: 0.323204, loss_binary_maps: 0.047907, reader_cost: 0.00029 s, batch_cost: 49.52047 s, samples: 160, ips: 0.32310
[2022/12/09 22:01:27] root INFO: epoch: [1/1200], iter: 360, lr: 0.001000, loss: 0.610207, loss_shrink_maps: 0.253820, loss_threshold_maps: 0.319507, loss_binary_maps: 0.047907, reader_cost: 0.00030 s, batch_cost: 49.68142 s, samples: 160, ips: 0.32205
[2022/12/09 22:09:43] root INFO: epoch: [1/1200], iter: 370, lr: 0.001000, loss: 0.620783, loss_shrink_maps: 0.264849, loss_threshold_maps: 0.309522, loss_binary_maps: 0.050048, reader_cost: 0.00039 s, batch_cost: 49.59849 s, samples: 160, ips: 0.32259
[2022/12/09 22:17:58] root INFO: epoch: [1/1200], iter: 380, lr: 0.001000, loss: 0.610240, loss_shrink_maps: 0.248193, loss_threshold_maps: 0.297657, loss_binary_maps: 0.046878, reader_cost: 0.00000 s, batch_cost: 49.57012 s, samples: 160, ips: 0.32278
[2022/12/09 22:26:15] root INFO: epoch: [1/1200], iter: 390, lr: 0.001000, loss: 0.595898, loss_shrink_maps: 0.243038, loss_threshold_maps: 0.303078, loss_binary_maps: 0.046013, reader_cost: 0.00040 s, batch_cost: 49.69888 s, samples: 160, ips: 0.32194
[2022/12/09 22:34:33] root INFO: epoch: [1/1200], iter: 400, lr: 0.001000, loss: 0.605008, loss_shrink_maps: 0.255889, loss_threshold_maps: 0.303078, loss_binary_maps: 0.048759, reader_cost: 0.00020 s, batch_cost: 49.79419 s, samples: 160, ips: 0.32132
[2022/12/09 22:42:49] root INFO: epoch: [1/1200], iter: 410, lr: 0.001000, loss: 0.601489, loss_shrink_maps: 0.255889, loss_threshold_maps: 0.303899, loss_binary_maps: 0.048863, reader_cost: 0.00010 s, batch_cost: 49.57446 s, samples: 160, ips: 0.32275
[2022/12/09 22:51:07] root INFO: epoch: [1/1200], iter: 420, lr: 0.001000, loss: 0.576094, loss_shrink_maps: 0.245833, loss_threshold_maps: 0.299981, loss_binary_maps: 0.047741, reader_cost: 0.00000 s, batch_cost: 49.76445 s, samples: 160, ips: 0.32151
[2022/12/09 22:59:25] root INFO: epoch: [1/1200], iter: 430, lr: 0.001000, loss: 0.558539, loss_shrink_maps: 0.222913, loss_threshold_maps: 0.290545, loss_binary_maps: 0.042741, reader_cost: 0.00030 s, batch_cost: 49.86767 s, samples: 160, ips: 0.32085
[2022/12/09 23:07:49] root INFO: epoch: [1/1200], iter: 440, lr: 0.001000, loss: 0.588193, loss_shrink_maps: 0.241924, loss_threshold_maps: 0.289482, loss_binary_maps: 0.046781, reader_cost: 0.00039 s, batch_cost: 50.32534 s, samples: 160, ips: 0.31793
[2022/12/09 23:16:09] root INFO: epoch: [1/1200], iter: 450, lr: 0.001000, loss: 0.580618, loss_shrink_maps: 0.238695, loss_threshold_maps: 0.289482, loss_binary_maps: 0.045920, reader_cost: 0.00010 s, batch_cost: 50.04462 s, samples: 160, ips: 0.31971
[2022/12/09 23:24:30] root INFO: epoch: [1/1200], iter: 460, lr: 0.001000, loss: 0.569288, loss_shrink_maps: 0.237795, loss_threshold_maps: 0.286809, loss_binary_maps: 0.045190, reader_cost: 0.00000 s, batch_cost: 50.04321 s, samples: 160, ips: 0.31972
[2022/12/09 23:32:51] root INFO: epoch: [1/1200], iter: 470, lr: 0.001000, loss: 0.552982, loss_shrink_maps: 0.229962, loss_threshold_maps: 0.272384, loss_binary_maps: 0.044882, reader_cost: 0.00010 s, batch_cost: 50.17866 s, samples: 160, ips: 0.31886
[2022/12/09 23:41:15] root INFO: epoch: [1/1200], iter: 480, lr: 0.001000, loss: 0.540069, loss_shrink_maps: 0.230598, loss_threshold_maps: 0.263198, loss_binary_maps: 0.045214, reader_cost: 0.00030 s, batch_cost: 50.32355 s, samples: 160, ips: 0.31794
[2022/12/09 23:49:40] root INFO: epoch: [1/1200], iter: 490, lr: 0.001000, loss: 0.568915, loss_shrink_maps: 0.236180, loss_threshold_maps: 0.282766, loss_binary_maps: 0.045988, reader_cost: 0.00000 s, batch_cost: 50.52002 s, samples: 160, ips: 0.31671
[2022/12/09 23:58:01] root INFO: epoch: [1/1200], iter: 500, lr: 0.001000, loss: 0.559916, loss_shrink_maps: 0.233569, loss_threshold_maps: 0.286894, loss_binary_maps: 0.044233, reader_cost: 0.00010 s, batch_cost: 50.08330 s, samples: 160, ips: 0.31947
[2022/12/10 00:06:19] root INFO: epoch: [1/1200], iter: 510, lr: 0.001000, loss: 0.554162, loss_shrink_maps: 0.234698, loss_threshold_maps: 0.279926, loss_binary_maps: 0.044866, reader_cost: 0.00040 s, batch_cost: 49.79351 s, samples: 160, ips: 0.32133
[2022/12/10 00:14:38] root INFO: epoch: [1/1200], iter: 520, lr: 0.001000, loss: 0.565235, loss_shrink_maps: 0.237342, loss_threshold_maps: 0.283043, loss_binary_maps: 0.045362, reader_cost: 0.00030 s, batch_cost: 49.97169 s, samples: 160, ips: 0.32018
[2022/12/10 00:23:04] root INFO: epoch: [1/1200], iter: 530, lr: 0.001000, loss: 0.562368, loss_shrink_maps: 0.234323, loss_threshold_maps: 0.283417, loss_binary_maps: 0.045497, reader_cost: 0.00010 s, batch_cost: 50.55074 s, samples: 160, ips: 0.31651
[2022/12/10 00:31:25] root INFO: epoch: [1/1200], iter: 540, lr: 0.001000, loss: 0.572461, loss_shrink_maps: 0.238812, loss_threshold_maps: 0.285345, loss_binary_maps: 0.046405, reader_cost: 0.00010 s, batch_cost: 50.15459 s, samples: 160, ips: 0.31901
[2022/12/10 00:39:46] root INFO: epoch: [1/1200], iter: 550, lr: 0.001000, loss: 0.531339, loss_shrink_maps: 0.219398, loss_threshold_maps: 0.277489, loss_binary_maps: 0.043146, reader_cost: 0.00030 s, batch_cost: 50.07471 s, samples: 160, ips: 0.31952
[2022/12/10 00:48:13] root INFO: epoch: [1/1200], iter: 560, lr: 0.001000, loss: 0.532196, loss_shrink_maps: 0.222841, loss_threshold_maps: 0.271472, loss_binary_maps: 0.043226, reader_cost: 0.00000 s, batch_cost: 50.63452 s, samples: 160, ips: 0.31599
[2022/12/10 00:56:30] root INFO: epoch: [1/1200], iter: 570, lr: 0.001000, loss: 0.578072, loss_shrink_maps: 0.243510, loss_threshold_maps: 0.278986, loss_binary_maps: 0.046848, reader_cost: 0.00020 s, batch_cost: 49.74526 s, samples: 160, ips: 0.32164
[2022/12/10 01:04:49] root INFO: epoch: [1/1200], iter: 580, lr: 0.001000, loss: 0.565855, loss_shrink_maps: 0.246308, loss_threshold_maps: 0.267940, loss_binary_maps: 0.047247, reader_cost: 0.00030 s, batch_cost: 49.93122 s, samples: 160, ips: 0.32044
[2022/12/10 01:13:09] root INFO: epoch: [1/1200], iter: 590, lr: 0.001000, loss: 0.563121, loss_shrink_maps: 0.239477, loss_threshold_maps: 0.268482, loss_binary_maps: 0.046466, reader_cost: 0.00020 s, batch_cost: 49.96641 s, samples: 160, ips: 0.32022
[2022/12/10 01:21:28] root INFO: epoch: [1/1200], iter: 600, lr: 0.001000, loss: 0.592106, loss_shrink_maps: 0.243673, loss_threshold_maps: 0.286495, loss_binary_maps: 0.047127, reader_cost: 0.00000 s, batch_cost: 49.94572 s, samples: 160, ips: 0.32035
[2022/12/10 01:29:46] root INFO: epoch: [1/1200], iter: 610, lr: 0.001000, loss: 0.598564, loss_shrink_maps: 0.247929, loss_threshold_maps: 0.285786, loss_binary_maps: 0.048167, reader_cost: 0.00020 s, batch_cost: 49.70434 s, samples: 160, ips: 0.32190
[2022/12/10 01:38:02] root INFO: epoch: [1/1200], iter: 620, lr: 0.001000, loss: 0.547932, loss_shrink_maps: 0.229337, loss_threshold_maps: 0.273445, loss_binary_maps: 0.045129, reader_cost: 0.00039 s, batch_cost: 49.63633 s, samples: 160, ips: 0.32234
[2022/12/10 01:46:22] root INFO: epoch: [1/1200], iter: 630, lr: 0.001000, loss: 0.548871, loss_shrink_maps: 0.218661, loss_threshold_maps: 0.275713, loss_binary_maps: 0.042440, reader_cost: 0.00000 s, batch_cost: 50.01092 s, samples: 160, ips: 0.31993
[2022/12/10 01:54:38] root INFO: epoch: [1/1200], iter: 640, lr: 0.001000, loss: 0.544471, loss_shrink_maps: 0.218802, loss_threshold_maps: 0.277315, loss_binary_maps: 0.042209, reader_cost: 0.00030 s, batch_cost: 49.60532 s, samples: 160, ips: 0.32255
[2022/12/10 02:03:00] root INFO: epoch: [1/1200], iter: 650, lr: 0.001000, loss: 0.528221, loss_shrink_maps: 0.221470, loss_threshold_maps: 0.267776, loss_binary_maps: 0.043292, reader_cost: 0.00000 s, batch_cost: 50.15419 s, samples: 160, ips: 0.31902
[2022/12/10 02:11:20] root INFO: epoch: [1/1200], iter: 660, lr: 0.001000, loss: 0.518832, loss_shrink_maps: 0.216898, loss_threshold_maps: 0.261336, loss_binary_maps: 0.042661, reader_cost: 0.00040 s, batch_cost: 50.01148 s, samples: 160, ips: 0.31993
[2022/12/10 02:19:42] root INFO: epoch: [1/1200], iter: 670, lr: 0.001000, loss: 0.522471, loss_shrink_maps: 0.214169, loss_threshold_maps: 0.265320, loss_binary_maps: 0.041729, reader_cost: 0.00020 s, batch_cost: 50.19566 s, samples: 160, ips: 0.31875
[2022/12/10 02:28:04] root INFO: epoch: [1/1200], iter: 680, lr: 0.001000, loss: 0.522471, loss_shrink_maps: 0.211833, loss_threshold_maps: 0.274680, loss_binary_maps: 0.040981, reader_cost: 0.00000 s, batch_cost: 50.25099 s, samples: 160, ips: 0.31840
[2022/12/10 02:36:24] root INFO: epoch: [1/1200], iter: 690, lr: 0.001000, loss: 0.526155, loss_shrink_maps: 0.214049, loss_threshold_maps: 0.275887, loss_binary_maps: 0.041826, reader_cost: 0.00000 s, batch_cost: 49.95435 s, samples: 160, ips: 0.32029
[2022/12/10 02:44:44] root INFO: epoch: [1/1200], iter: 700, lr: 0.001000, loss: 0.539067, loss_shrink_maps: 0.222614, loss_threshold_maps: 0.275080, loss_binary_maps: 0.043152, reader_cost: 0.00020 s, batch_cost: 50.06255 s, samples: 160, ips: 0.31960
[2022/12/10 02:53:03] root INFO: epoch: [1/1200], iter: 710, lr: 0.001000, loss: 0.538240, loss_shrink_maps: 0.223597, loss_threshold_maps: 0.265428, loss_binary_maps: 0.042983, reader_cost: 0.00010 s, batch_cost: 49.90742 s, samples: 160, ips: 0.32059
[2022/12/10 03:01:21] root INFO: epoch: [1/1200], iter: 720, lr: 0.001000, loss: 0.497117, loss_shrink_maps: 0.205373, loss_threshold_maps: 0.256954, loss_binary_maps: 0.040031, reader_cost: 0.00010 s, batch_cost: 49.75883 s, samples: 160, ips: 0.32155
[2022/12/10 03:09:40] root INFO: epoch: [1/1200], iter: 730, lr: 0.001000, loss: 0.498764, loss_shrink_maps: 0.200183, loss_threshold_maps: 0.258117, loss_binary_maps: 0.039266, reader_cost: 0.00000 s, batch_cost: 49.85034 s, samples: 160, ips: 0.32096
[2022/12/10 03:18:01] root INFO: epoch: [1/1200], iter: 740, lr: 0.001000, loss: 0.498539, loss_shrink_maps: 0.198874, loss_threshold_maps: 0.255168, loss_binary_maps: 0.039104, reader_cost: 0.00010 s, batch_cost: 50.10396 s, samples: 160, ips: 0.31934
[2022/12/10 03:26:19] root INFO: epoch: [1/1200], iter: 750, lr: 0.001000, loss: 0.507960, loss_shrink_maps: 0.215748, loss_threshold_maps: 0.253253, loss_binary_maps: 0.042379, reader_cost: 0.00010 s, batch_cost: 49.83210 s, samples: 160, ips: 0.32108
[2022/12/10 03:34:35] root INFO: epoch: [1/1200], iter: 760, lr: 0.001000, loss: 0.517601, loss_shrink_maps: 0.225063, loss_threshold_maps: 0.254608, loss_binary_maps: 0.044189, reader_cost: 0.00010 s, batch_cost: 49.56084 s, samples: 160, ips: 0.32284
[2022/12/10 03:42:58] root INFO: epoch: [1/1200], iter: 770, lr: 0.001000, loss: 0.506808, loss_shrink_maps: 0.212550, loss_threshold_maps: 0.250934, loss_binary_maps: 0.041602, reader_cost: 0.00030 s, batch_cost: 50.30314 s, samples: 160, ips: 0.31807
[2022/12/10 03:51:13] root INFO: epoch: [1/1200], iter: 780, lr: 0.001000, loss: 0.506808, loss_shrink_maps: 0.210779, loss_threshold_maps: 0.255258, loss_binary_maps: 0.041279, reader_cost: 0.00010 s, batch_cost: 49.52244 s, samples: 160, ips: 0.32309
[2022/12/10 03:59:30] root INFO: epoch: [1/1200], iter: 790, lr: 0.001000, loss: 0.525047, loss_shrink_maps: 0.218850, loss_threshold_maps: 0.260616, loss_binary_maps: 0.042928, reader_cost: 0.00010 s, batch_cost: 49.66481 s, samples: 160, ips: 0.32216
[2022/12/10 04:07:47] root INFO: epoch: [1/1200], iter: 800, lr: 0.001000, loss: 0.499291, loss_shrink_maps: 0.211216, loss_threshold_maps: 0.252636, loss_binary_maps: 0.041649, reader_cost: 0.00030 s, batch_cost: 49.70481 s, samples: 160, ips: 0.32190
[2022/12/10 04:16:05] root INFO: epoch: [1/1200], iter: 810, lr: 0.001000, loss: 0.485303, loss_shrink_maps: 0.201116, loss_threshold_maps: 0.245302, loss_binary_maps: 0.039097, reader_cost: 0.00000 s, batch_cost: 49.79013 s, samples: 160, ips: 0.32135
[2022/12/10 04:24:21] root INFO: epoch: [1/1200], iter: 820, lr: 0.001000, loss: 0.500195, loss_shrink_maps: 0.204898, loss_threshold_maps: 0.249509, loss_binary_maps: 0.039572, reader_cost: 0.00010 s, batch_cost: 49.61152 s, samples: 160, ips: 0.32251
[2022/12/10 04:32:38] root INFO: epoch: [1/1200], iter: 830, lr: 0.001000, loss: 0.518496, loss_shrink_maps: 0.210750, loss_threshold_maps: 0.256249, loss_binary_maps: 0.040629, reader_cost: 0.00010 s, batch_cost: 49.76650 s, samples: 160, ips: 0.32150
[2022/12/10 04:40:57] root INFO: epoch: [1/1200], iter: 840, lr: 0.001000, loss: 0.510466, loss_shrink_maps: 0.207691, loss_threshold_maps: 0.253482, loss_binary_maps: 0.040738, reader_cost: 0.00010 s, batch_cost: 49.90653 s, samples: 160, ips: 0.32060
[2022/12/10 04:49:15] root INFO: epoch: [1/1200], iter: 850, lr: 0.001000, loss: 0.500071, loss_shrink_maps: 0.206084, loss_threshold_maps: 0.254578, loss_binary_maps: 0.041043, reader_cost: 0.00030 s, batch_cost: 49.79810 s, samples: 160, ips: 0.32130
[2022/12/10 04:57:33] root INFO: epoch: [1/1200], iter: 860, lr: 0.001000, loss: 0.525622, loss_shrink_maps: 0.217781, loss_threshold_maps: 0.257290, loss_binary_maps: 0.042757, reader_cost: 0.00000 s, batch_cost: 49.76919 s, samples: 160, ips: 0.32148
[2022/12/10 05:05:54] root INFO: epoch: [1/1200], iter: 870, lr: 0.001000, loss: 0.559719, loss_shrink_maps: 0.232698, loss_threshold_maps: 0.272966, loss_binary_maps: 0.045036, reader_cost: 0.00020 s, batch_cost: 50.04332 s, samples: 160, ips: 0.31972
[2022/12/10 05:14:14] root INFO: epoch: [1/1200], iter: 880, lr: 0.001000, loss: 0.525238, loss_shrink_maps: 0.208030, loss_threshold_maps: 0.264377, loss_binary_maps: 0.040276, reader_cost: 0.00030 s, batch_cost: 50.03254 s, samples: 160, ips: 0.31979
[2022/12/10 05:22:31] root INFO: epoch: [1/1200], iter: 890, lr: 0.001000, loss: 0.505933, loss_shrink_maps: 0.207159, loss_threshold_maps: 0.267106, loss_binary_maps: 0.039519, reader_cost: 0.00020 s, batch_cost: 49.75072 s, samples: 160, ips: 0.32160
[2022/12/10 05:30:51] root INFO: epoch: [1/1200], iter: 900, lr: 0.001000, loss: 0.554959, loss_shrink_maps: 0.232333, loss_threshold_maps: 0.276532, loss_binary_maps: 0.044923, reader_cost: 0.00000 s, batch_cost: 49.94168 s, samples: 160, ips: 0.32037
[2022/12/10 05:39:10] root INFO: epoch: [1/1200], iter: 910, lr: 0.001000, loss: 0.535515, loss_shrink_maps: 0.230684, loss_threshold_maps: 0.259837, loss_binary_maps: 0.044408, reader_cost: 0.00010 s, batch_cost: 49.94471 s, samples: 160, ips: 0.32035
[2022/12/10 05:47:34] root INFO: epoch: [1/1200], iter: 920, lr: 0.001000, loss: 0.513477, loss_shrink_maps: 0.216756, loss_threshold_maps: 0.248371, loss_binary_maps: 0.042504, reader_cost: 0.00030 s, batch_cost: 50.31804 s, samples: 160, ips: 0.31798
[2022/12/10 05:55:53] root INFO: epoch: [1/1200], iter: 930, lr: 0.001000, loss: 0.511163, loss_shrink_maps: 0.213058, loss_threshold_maps: 0.240448, loss_binary_maps: 0.041851, reader_cost: 0.00000 s, batch_cost: 49.90018 s, samples: 160, ips: 0.32064
[2022/12/10 06:04:14] root INFO: epoch: [1/1200], iter: 940, lr: 0.001000, loss: 0.493957, loss_shrink_maps: 0.212174, loss_threshold_maps: 0.239116, loss_binary_maps: 0.041607, reader_cost: 0.00020 s, batch_cost: 50.11790 s, samples: 160, ips: 0.31925
[2022/12/10 06:12:34] root INFO: epoch: [1/1200], iter: 950, lr: 0.001000, loss: 0.496540, loss_shrink_maps: 0.214424, loss_threshold_maps: 0.251137, loss_binary_maps: 0.041607, reader_cost: 0.00000 s, batch_cost: 49.99592 s, samples: 160, ips: 0.32003
[2022/12/10 06:20:54] root INFO: epoch: [1/1200], iter: 960, lr: 0.001000, loss: 0.486133, loss_shrink_maps: 0.202484, loss_threshold_maps: 0.245940, loss_binary_maps: 0.040078, reader_cost: 0.00000 s, batch_cost: 50.00749 s, samples: 160, ips: 0.31995
[2022/12/10 06:29:11] root INFO: epoch: [1/1200], iter: 970, lr: 0.001000, loss: 0.480283, loss_shrink_maps: 0.200584, loss_threshold_maps: 0.238963, loss_binary_maps: 0.039681, reader_cost: 0.00030 s, batch_cost: 49.68015 s, samples: 160, ips: 0.32206
[2022/12/10 06:37:30] root INFO: epoch: [1/1200], iter: 980, lr: 0.001000, loss: 0.486813, loss_shrink_maps: 0.202589, loss_threshold_maps: 0.247371, loss_binary_maps: 0.039464, reader_cost: 0.00020 s, batch_cost: 49.96501 s, samples: 160, ips: 0.32022
[2022/12/10 06:45:48] root INFO: epoch: [1/1200], iter: 990, lr: 0.001000, loss: 0.484577, loss_shrink_maps: 0.198093, loss_threshold_maps: 0.246575, loss_binary_maps: 0.038844, reader_cost: 0.00030 s, batch_cost: 49.81262 s, samples: 160, ips: 0.32120
[2022/12/10 06:54:08] root INFO: epoch: [1/1200], iter: 1000, lr: 0.001000, loss: 0.495903, loss_shrink_maps: 0.205983, loss_threshold_maps: 0.243432, loss_binary_maps: 0.040224, reader_cost: 0.00020 s, batch_cost: 49.96073 s, samples: 160, ips: 0.32025
[2022/12/10 07:02:26] root INFO: epoch: [1/1200], iter: 1010, lr: 0.001000, loss: 0.476964, loss_shrink_maps: 0.207675, loss_threshold_maps: 0.230916, loss_binary_maps: 0.040224, reader_cost: 0.00030 s, batch_cost: 49.79436 s, samples: 160, ips: 0.32132
[2022/12/10 07:10:46] root INFO: epoch: [1/1200], iter: 1020, lr: 0.001000, loss: 0.467796, loss_shrink_maps: 0.205434, loss_threshold_maps: 0.221694, loss_binary_maps: 0.040074, reader_cost: 0.00010 s, batch_cost: 49.96840 s, samples: 160, ips: 0.32020
[2022/12/10 07:19:07] root INFO: epoch: [1/1200], iter: 1030, lr: 0.001000, loss: 0.478971, loss_shrink_maps: 0.202282, loss_threshold_maps: 0.232215, loss_binary_maps: 0.039601, reader_cost: 0.00000 s, batch_cost: 50.16338 s, samples: 160, ips: 0.31896
[2022/12/10 07:27:24] root INFO: epoch: [1/1200], iter: 1040, lr: 0.001000, loss: 0.466277, loss_shrink_maps: 0.193923, loss_threshold_maps: 0.230386, loss_binary_maps: 0.038600, reader_cost: 0.00010 s, batch_cost: 49.70670 s, samples: 160, ips: 0.32189
[2022/12/10 07:35:42] root INFO: epoch: [1/1200], iter: 1050, lr: 0.001000, loss: 0.456157, loss_shrink_maps: 0.194240, loss_threshold_maps: 0.224872, loss_binary_maps: 0.038295, reader_cost: 0.00000 s, batch_cost: 49.72336 s, samples: 160, ips: 0.32178
[2022/12/10 07:44:00] root INFO: epoch: [1/1200], iter: 1060, lr: 0.001000, loss: 0.474307, loss_shrink_maps: 0.196981, loss_threshold_maps: 0.231021, loss_binary_maps: 0.038679, reader_cost: 0.00010 s, batch_cost: 49.83121 s, samples: 160, ips: 0.32108
[2022/12/10 07:52:20] root INFO: epoch: [1/1200], iter: 1070, lr: 0.001000, loss: 0.517463, loss_shrink_maps: 0.202022, loss_threshold_maps: 0.275777, loss_binary_maps: 0.039759, reader_cost: 0.00040 s, batch_cost: 50.02458 s, samples: 160, ips: 0.31984
[2022/12/10 08:00:40] root INFO: epoch: [1/1200], iter: 1080, lr: 0.001000, loss: 0.491849, loss_shrink_maps: 0.194954, loss_threshold_maps: 0.253057, loss_binary_maps: 0.038251, reader_cost: 0.00000 s, batch_cost: 50.00887 s, samples: 160, ips: 0.31994
[2022/12/10 08:09:01] root INFO: epoch: [1/1200], iter: 1090, lr: 0.001000, loss: 0.477719, loss_shrink_maps: 0.194612, loss_threshold_maps: 0.234710, loss_binary_maps: 0.038251, reader_cost: 0.00010 s, batch_cost: 50.03521 s, samples: 160, ips: 0.31977
[2022/12/10 08:17:19] root INFO: epoch: [1/1200], iter: 1100, lr: 0.001000, loss: 0.478239, loss_shrink_maps: 0.196398, loss_threshold_maps: 0.238309, loss_binary_maps: 0.039007, reader_cost: 0.00020 s, batch_cost: 49.77511 s, samples: 160, ips: 0.32145
[2022/12/10 08:25:38] root INFO: epoch: [1/1200], iter: 1110, lr: 0.001000, loss: 0.477994, loss_shrink_maps: 0.202087, loss_threshold_maps: 0.238519, loss_binary_maps: 0.039988, reader_cost: 0.00000 s, batch_cost: 49.95168 s, samples: 160, ips: 0.32031
[2022/12/10 08:33:56] root INFO: epoch: [1/1200], iter: 1120, lr: 0.001000, loss: 0.477182, loss_shrink_maps: 0.198377, loss_threshold_maps: 0.234147, loss_binary_maps: 0.039339, reader_cost: 0.00010 s, batch_cost: 49.76355 s, samples: 160, ips: 0.32152
[2022/12/10 08:42:14] root INFO: epoch: [1/1200], iter: 1130, lr: 0.001000, loss: 0.466775, loss_shrink_maps: 0.185805, loss_threshold_maps: 0.229266, loss_binary_maps: 0.036723, reader_cost: 0.00010 s, batch_cost: 49.87435 s, samples: 160, ips: 0.32081
[2022/12/10 08:50:32] root INFO: epoch: [1/1200], iter: 1140, lr: 0.001000, loss: 0.466717, loss_shrink_maps: 0.192797, loss_threshold_maps: 0.229266, loss_binary_maps: 0.037209, reader_cost: 0.00020 s, batch_cost: 49.79407 s, samples: 160, ips: 0.32132
[2022/12/10 08:58:49] root INFO: epoch: [1/1200], iter: 1150, lr: 0.001000, loss: 0.458830, loss_shrink_maps: 0.190046, loss_threshold_maps: 0.232751, loss_binary_maps: 0.036873, reader_cost: 0.00010 s, batch_cost: 49.69363 s, samples: 160, ips: 0.32197
[2022/12/10 09:07:08] root INFO: epoch: [1/1200], iter: 1160, lr: 0.001000, loss: 0.458830, loss_shrink_maps: 0.190046, loss_threshold_maps: 0.237497, loss_binary_maps: 0.037246, reader_cost: 0.00010 s, batch_cost: 49.81859 s, samples: 160, ips: 0.32117
[2022/12/10 09:15:25] root INFO: epoch: [1/1200], iter: 1170, lr: 0.001000, loss: 0.461546, loss_shrink_maps: 0.183916, loss_threshold_maps: 0.238128, loss_binary_maps: 0.036182, reader_cost: 0.00020 s, batch_cost: 49.76319 s, samples: 160, ips: 0.32152
[2022/12/10 09:23:45] root INFO: epoch: [1/1200], iter: 1180, lr: 0.001000, loss: 0.464279, loss_shrink_maps: 0.189338, loss_threshold_maps: 0.233673, loss_binary_maps: 0.037119, reader_cost: 0.00020 s, batch_cost: 50.02215 s, samples: 160, ips: 0.31986
[2022/12/10 09:32:06] root INFO: epoch: [1/1200], iter: 1190, lr: 0.001000, loss: 0.474122, loss_shrink_maps: 0.195090, loss_threshold_maps: 0.238726, loss_binary_maps: 0.038705, reader_cost: 0.00000 s, batch_cost: 50.01696 s, samples: 160, ips: 0.31989
[2022/12/10 09:40:36] root INFO: epoch: [1/1200], iter: 1200, lr: 0.001000, loss: 0.469189, loss_shrink_maps: 0.193909, loss_threshold_maps: 0.238628, loss_binary_maps: 0.038191, reader_cost: 0.00000 s, batch_cost: 50.99277 s, samples: 160, ips: 0.31377
[2022/12/10 09:48:58] root INFO: epoch: [1/1200], iter: 1210, lr: 0.001000, loss: 0.462582, loss_shrink_maps: 0.190674, loss_threshold_maps: 0.235508, loss_binary_maps: 0.037249, reader_cost: 0.00000 s, batch_cost: 50.19341 s, samples: 160, ips: 0.31877
[2022/12/10 09:57:19] root INFO: epoch: [1/1200], iter: 1220, lr: 0.001000, loss: 0.453446, loss_shrink_maps: 0.191458, loss_threshold_maps: 0.223386, loss_binary_maps: 0.037427, reader_cost: 0.00000 s, batch_cost: 50.14332 s, samples: 160, ips: 0.31909
[2022/12/10 10:05:38] root INFO: epoch: [1/1200], iter: 1230, lr: 0.001000, loss: 0.457026, loss_shrink_maps: 0.191000, loss_threshold_maps: 0.221175, loss_binary_maps: 0.037826, reader_cost: 0.00020 s, batch_cost: 49.85924 s, samples: 160, ips: 0.32090
[2022/12/10 10:13:59] root INFO: epoch: [1/1200], iter: 1240, lr: 0.001000, loss: 0.455960, loss_shrink_maps: 0.188203, loss_threshold_maps: 0.222855, loss_binary_maps: 0.037038, reader_cost: 0.00010 s, batch_cost: 50.15709 s, samples: 160, ips: 0.31900
[2022/12/10 10:22:19] root INFO: epoch: [1/1200], iter: 1250, lr: 0.001000, loss: 0.454006, loss_shrink_maps: 0.185361, loss_threshold_maps: 0.220705, loss_binary_maps: 0.036557, reader_cost: 0.00020 s, batch_cost: 49.97049 s, samples: 160, ips: 0.32019
[2022/12/10 10:30:38] root INFO: epoch: [1/1200], iter: 1260, lr: 0.001000, loss: 0.438609, loss_shrink_maps: 0.190692, loss_threshold_maps: 0.221999, loss_binary_maps: 0.037038, reader_cost: 0.00020 s, batch_cost: 49.88183 s, samples: 160, ips: 0.32076
[2022/12/10 10:38:57] root INFO: epoch: [1/1200], iter: 1270, lr: 0.001000, loss: 0.429348, loss_shrink_maps: 0.188090, loss_threshold_maps: 0.215511, loss_binary_maps: 0.037266, reader_cost: 0.00010 s, batch_cost: 49.93426 s, samples: 160, ips: 0.32042
[2022/12/10 10:47:17] root INFO: epoch: [1/1200], iter: 1280, lr: 0.001000, loss: 0.423021, loss_shrink_maps: 0.180263, loss_threshold_maps: 0.209281, loss_binary_maps: 0.035466, reader_cost: 0.00000 s, batch_cost: 49.97720 s, samples: 160, ips: 0.32015
[2022/12/10 10:55:35] root INFO: epoch: [1/1200], iter: 1290, lr: 0.001000, loss: 0.413868, loss_shrink_maps: 0.178604, loss_threshold_maps: 0.204089, loss_binary_maps: 0.035464, reader_cost: 0.00000 s, batch_cost: 49.84122 s, samples: 160, ips: 0.32102
[2022/12/10 11:03:54] root INFO: epoch: [1/1200], iter: 1300, lr: 0.001000, loss: 0.431288, loss_shrink_maps: 0.188709, loss_threshold_maps: 0.205102, loss_binary_maps: 0.037283, reader_cost: 0.00000 s, batch_cost: 49.88713 s, samples: 160, ips: 0.32072
[2022/12/10 11:12:15] root INFO: epoch: [1/1200], iter: 1310, lr: 0.001000, loss: 0.458912, loss_shrink_maps: 0.200634, loss_threshold_maps: 0.214938, loss_binary_maps: 0.039241, reader_cost: 0.00010 s, batch_cost: 50.08523 s, samples: 160, ips: 0.31946
[2022/12/10 11:20:35] root INFO: epoch: [1/1200], iter: 1320, lr: 0.001000, loss: 0.469658, loss_shrink_maps: 0.199541, loss_threshold_maps: 0.230079, loss_binary_maps: 0.039525, reader_cost: 0.00010 s, batch_cost: 50.03141 s, samples: 160, ips: 0.31980
[2022/12/10 11:28:52] root INFO: epoch: [1/1200], iter: 1330, lr: 0.001000, loss: 0.492651, loss_shrink_maps: 0.193690, loss_threshold_maps: 0.237298, loss_binary_maps: 0.038387, reader_cost: 0.00010 s, batch_cost: 49.69473 s, samples: 160, ips: 0.32197
[2022/12/10 11:37:13] root INFO: epoch: [1/1200], iter: 1340, lr: 0.001000, loss: 0.466412, loss_shrink_maps: 0.196462, loss_threshold_maps: 0.227442, loss_binary_maps: 0.038754, reader_cost: 0.00010 s, batch_cost: 50.06312 s, samples: 160, ips: 0.31960
[2022/12/10 11:45:31] root INFO: epoch: [1/1200], iter: 1350, lr: 0.001000, loss: 0.439133, loss_shrink_maps: 0.185378, loss_threshold_maps: 0.208429, loss_binary_maps: 0.036269, reader_cost: 0.00010 s, batch_cost: 49.80769 s, samples: 160, ips: 0.32124
[2022/12/10 11:53:49] root INFO: epoch: [1/1200], iter: 1360, lr: 0.001000, loss: 0.445772, loss_shrink_maps: 0.190077, loss_threshold_maps: 0.217312, loss_binary_maps: 0.037696, reader_cost: 0.00020 s, batch_cost: 49.83624 s, samples: 160, ips: 0.32105
[2022/12/10 12:02:08] root INFO: epoch: [1/1200], iter: 1370, lr: 0.001000, loss: 0.466702, loss_shrink_maps: 0.192320, loss_threshold_maps: 0.238696, loss_binary_maps: 0.037905, reader_cost: 0.00000 s, batch_cost: 49.87134 s, samples: 160, ips: 0.32083
[2022/12/10 12:10:31] root INFO: epoch: [1/1200], iter: 1380, lr: 0.001000, loss: 0.457817, loss_shrink_maps: 0.192567, loss_threshold_maps: 0.223198, loss_binary_maps: 0.037937, reader_cost: 0.00000 s, batch_cost: 50.24162 s, samples: 160, ips: 0.31846
[2022/12/10 12:18:54] root INFO: epoch: [1/1200], iter: 1390, lr: 0.001000, loss: 0.462241, loss_shrink_maps: 0.200947, loss_threshold_maps: 0.225832, loss_binary_maps: 0.039542, reader_cost: 0.00040 s, batch_cost: 50.29881 s, samples: 160, ips: 0.31810
[2022/12/10 12:27:14] root INFO: epoch: [1/1200], iter: 1400, lr: 0.001000, loss: 0.457672, loss_shrink_maps: 0.203521, loss_threshold_maps: 0.215086, loss_binary_maps: 0.039995, reader_cost: 0.00000 s, batch_cost: 50.04330 s, samples: 160, ips: 0.31972
[2022/12/10 12:35:39] root INFO: epoch: [1/1200], iter: 1410, lr: 0.001000, loss: 0.421901, loss_shrink_maps: 0.182779, loss_threshold_maps: 0.206391, loss_binary_maps: 0.036133, reader_cost: 0.00031 s, batch_cost: 50.50336 s, samples: 160, ips: 0.31681
[2022/12/10 12:44:01] root INFO: epoch: [1/1200], iter: 1420, lr: 0.001000, loss: 0.423814, loss_shrink_maps: 0.186033, loss_threshold_maps: 0.204698, loss_binary_maps: 0.036624, reader_cost: 0.00010 s, batch_cost: 50.17040 s, samples: 160, ips: 0.31891
[2022/12/10 12:52:19] root INFO: epoch: [1/1200], iter: 1430, lr: 0.001000, loss: 0.449926, loss_shrink_maps: 0.195974, loss_threshold_maps: 0.214534, loss_binary_maps: 0.038448, reader_cost: 0.00010 s, batch_cost: 49.86966 s, samples: 160, ips: 0.32084
[2022/12/10 13:00:35] root INFO: epoch: [1/1200], iter: 1440, lr: 0.001000, loss: 0.439476, loss_shrink_maps: 0.187836, loss_threshold_maps: 0.212025, loss_binary_maps: 0.036651, reader_cost: 0.00019 s, batch_cost: 49.55499 s, samples: 160, ips: 0.32287
[2022/12/10 13:08:52] root INFO: epoch: [1/1200], iter: 1450, lr: 0.001000, loss: 0.422411, loss_shrink_maps: 0.180071, loss_threshold_maps: 0.203584, loss_binary_maps: 0.035948, reader_cost: 0.00020 s, batch_cost: 49.68805 s, samples: 160, ips: 0.32201
[2022/12/10 13:17:09] root INFO: epoch: [1/1200], iter: 1460, lr: 0.001000, loss: 0.439771, loss_shrink_maps: 0.185862, loss_threshold_maps: 0.213237, loss_binary_maps: 0.037086, reader_cost: 0.00010 s, batch_cost: 49.70915 s, samples: 160, ips: 0.32187
[2022/12/10 13:25:26] root INFO: epoch: [1/1200], iter: 1470, lr: 0.001000, loss: 0.442315, loss_shrink_maps: 0.184345, loss_threshold_maps: 0.213321, loss_binary_maps: 0.036775, reader_cost: 0.00020 s, batch_cost: 49.73452 s, samples: 160, ips: 0.32171
[2022/12/10 13:33:45] root INFO: epoch: [1/1200], iter: 1480, lr: 0.001000, loss: 0.442582, loss_shrink_maps: 0.193365, loss_threshold_maps: 0.211368, loss_binary_maps: 0.038089, reader_cost: 0.00010 s, batch_cost: 49.83365 s, samples: 160, ips: 0.32107
[2022/12/10 13:42:08] root INFO: epoch: [1/1200], iter: 1490, lr: 0.001000, loss: 0.439574, loss_shrink_maps: 0.191815, loss_threshold_maps: 0.209459, loss_binary_maps: 0.038089, reader_cost: 0.00000 s, batch_cost: 50.31516 s, samples: 160, ips: 0.31800
[2022/12/10 13:50:34] root INFO: epoch: [1/1200], iter: 1500, lr: 0.001000, loss: 0.438439, loss_shrink_maps: 0.190672, loss_threshold_maps: 0.204999, loss_binary_maps: 0.037786, reader_cost: 0.00030 s, batch_cost: 50.58512 s, samples: 160, ips: 0.31630
[2022/12/10 13:58:59] root INFO: epoch: [1/1200], iter: 1510, lr: 0.001000, loss: 0.432648, loss_shrink_maps: 0.189115, loss_threshold_maps: 0.202502, loss_binary_maps: 0.036988, reader_cost: 0.00020 s, batch_cost: 50.49839 s, samples: 160, ips: 0.31684
[2022/12/10 14:07:25] root INFO: epoch: [1/1200], iter: 1520, lr: 0.001000, loss: 0.433289, loss_shrink_maps: 0.185810, loss_threshold_maps: 0.208920, loss_binary_maps: 0.036659, reader_cost: 0.00010 s, batch_cost: 50.60768 s, samples: 160, ips: 0.31616
[2022/12/10 14:15:52] root INFO: epoch: [1/1200], iter: 1530, lr: 0.001000, loss: 0.437966, loss_shrink_maps: 0.182728, loss_threshold_maps: 0.210876, loss_binary_maps: 0.036341, reader_cost: 0.00000 s, batch_cost: 50.69579 s, samples: 160, ips: 0.31561
[2022/12/10 14:24:20] root INFO: epoch: [1/1200], iter: 1540, lr: 0.001000, loss: 0.426962, loss_shrink_maps: 0.180967, loss_threshold_maps: 0.212278, loss_binary_maps: 0.035647, reader_cost: 0.00010 s, batch_cost: 50.77238 s, samples: 160, ips: 0.31513
[2022/12/10 14:32:45] root INFO: epoch: [1/1200], iter: 1550, lr: 0.001000, loss: 0.426962, loss_shrink_maps: 0.179266, loss_threshold_maps: 0.207791, loss_binary_maps: 0.035374, reader_cost: 0.00030 s, batch_cost: 50.54894 s, samples: 160, ips: 0.31652
[2022/12/10 14:41:06] root INFO: epoch: [1/1200], iter: 1560, lr: 0.001000, loss: 0.440154, loss_shrink_maps: 0.190825, loss_threshold_maps: 0.208309, loss_binary_maps: 0.037854, reader_cost: 0.00050 s, batch_cost: 50.07465 s, samples: 160, ips: 0.31952
[2022/12/10 14:49:24] root INFO: epoch: [1/1200], iter: 1570, lr: 0.001000, loss: 0.468869, loss_shrink_maps: 0.206836, loss_threshold_maps: 0.230949, loss_binary_maps: 0.040358, reader_cost: 0.00010 s, batch_cost: 49.85981 s, samples: 160, ips: 0.32090
[2022/12/10 14:57:42] root INFO: epoch: [1/1200], iter: 1580, lr: 0.001000, loss: 0.466110, loss_shrink_maps: 0.183563, loss_threshold_maps: 0.233274, loss_binary_maps: 0.036263, reader_cost: 0.00020 s, batch_cost: 49.74500 s, samples: 160, ips: 0.32164
[2022/12/10 15:06:01] root INFO: epoch: [1/1200], iter: 1590, lr: 0.001000, loss: 0.436051, loss_shrink_maps: 0.183532, loss_threshold_maps: 0.219765, loss_binary_maps: 0.035797, reader_cost: 0.00020 s, batch_cost: 49.88922 s, samples: 160, ips: 0.32071
[2022/12/10 15:14:18] root INFO: epoch: [1/1200], iter: 1600, lr: 0.001000, loss: 0.424720, loss_shrink_maps: 0.185892, loss_threshold_maps: 0.212895, loss_binary_maps: 0.036207, reader_cost: 0.00030 s, batch_cost: 49.74978 s, samples: 160, ips: 0.32161
[2022/12/10 15:22:37] root INFO: epoch: [1/1200], iter: 1610, lr: 0.001000, loss: 0.431412, loss_shrink_maps: 0.187772, loss_threshold_maps: 0.211701, loss_binary_maps: 0.037099, reader_cost: 0.00000 s, batch_cost: 49.83201 s, samples: 160, ips: 0.32108
[2022/12/10 15:30:53] root INFO: epoch: [1/1200], iter: 1620, lr: 0.001000, loss: 0.432751, loss_shrink_maps: 0.187393, loss_threshold_maps: 0.208016, loss_binary_maps: 0.037099, reader_cost: 0.00000 s, batch_cost: 49.67996 s, samples: 160, ips: 0.32206
[2022/12/10 15:39:17] root INFO: epoch: [1/1200], iter: 1630, lr: 0.001000, loss: 0.439701, loss_shrink_maps: 0.189457, loss_threshold_maps: 0.206643, loss_binary_maps: 0.037228, reader_cost: 0.00020 s, batch_cost: 50.39420 s, samples: 160, ips: 0.31750
[2022/12/10 15:47:47] root INFO: epoch: [1/1200], iter: 1640, lr: 0.001000, loss: 0.439701, loss_shrink_maps: 0.181725, loss_threshold_maps: 0.210480, loss_binary_maps: 0.035981, reader_cost: 0.00039 s, batch_cost: 50.94954 s, samples: 160, ips: 0.31404
[2022/12/10 15:56:12] root INFO: epoch: [1/1200], iter: 1650, lr: 0.001000, loss: 0.420413, loss_shrink_maps: 0.176258, loss_threshold_maps: 0.209731, loss_binary_maps: 0.035098, reader_cost: 0.00000 s, batch_cost: 50.55761 s, samples: 160, ips: 0.31647
[2022/12/10 16:04:37] root INFO: epoch: [1/1200], iter: 1660, lr: 0.001000, loss: 0.428309, loss_shrink_maps: 0.181000, loss_threshold_maps: 0.208512, loss_binary_maps: 0.035925, reader_cost: 0.00000 s, batch_cost: 50.40286 s, samples: 160, ips: 0.31744
[2022/12/10 16:13:01] root INFO: epoch: [1/1200], iter: 1670, lr: 0.001000, loss: 0.423774, loss_shrink_maps: 0.177410, loss_threshold_maps: 0.203474, loss_binary_maps: 0.035612, reader_cost: 0.00010 s, batch_cost: 50.45425 s, samples: 160, ips: 0.31712
[2022/12/10 16:21:26] root INFO: epoch: [1/1200], iter: 1680, lr: 0.001000, loss: 0.424642, loss_shrink_maps: 0.173269, loss_threshold_maps: 0.207469, loss_binary_maps: 0.033854, reader_cost: 0.00010 s, batch_cost: 50.45429 s, samples: 160, ips: 0.31712
[2022/12/10 16:29:49] root INFO: epoch: [1/1200], iter: 1690, lr: 0.001000, loss: 0.450716, loss_shrink_maps: 0.186487, loss_threshold_maps: 0.226384, loss_binary_maps: 0.037173, reader_cost: 0.00040 s, batch_cost: 50.34778 s, samples: 160, ips: 0.31779
[2022/12/10 16:38:11] root INFO: epoch: [1/1200], iter: 1700, lr: 0.001000, loss: 0.433756, loss_shrink_maps: 0.180370, loss_threshold_maps: 0.222947, loss_binary_maps: 0.035662, reader_cost: 0.00020 s, batch_cost: 50.21025 s, samples: 160, ips: 0.31866
[2022/12/10 16:46:30] root INFO: epoch: [1/1200], iter: 1710, lr: 0.001000, loss: 0.429893, loss_shrink_maps: 0.177563, loss_threshold_maps: 0.215464, loss_binary_maps: 0.034668, reader_cost: 0.00010 s, batch_cost: 49.84073 s, samples: 160, ips: 0.32102
[2022/12/10 16:54:47] root INFO: epoch: [1/1200], iter: 1720, lr: 0.001000, loss: 0.410209, loss_shrink_maps: 0.167880, loss_threshold_maps: 0.212999, loss_binary_maps: 0.032629, reader_cost: 0.00000 s, batch_cost: 49.68746 s, samples: 160, ips: 0.32201
[2022/12/10 17:03:05] root INFO: epoch: [1/1200], iter: 1730, lr: 0.001000, loss: 0.390714, loss_shrink_maps: 0.171226, loss_threshold_maps: 0.191071, loss_binary_maps: 0.033830, reader_cost: 0.00040 s, batch_cost: 49.81874 s, samples: 160, ips: 0.32116
[2022/12/10 17:11:23] root INFO: epoch: [1/1200], iter: 1740, lr: 0.001000, loss: 0.400280, loss_shrink_maps: 0.177787, loss_threshold_maps: 0.190299, loss_binary_maps: 0.035509, reader_cost: 0.00000 s, batch_cost: 49.79883 s, samples: 160, ips: 0.32129
[2022/12/10 17:19:42] root INFO: epoch: [1/1200], iter: 1750, lr: 0.001000, loss: 0.412533, loss_shrink_maps: 0.178290, loss_threshold_maps: 0.200921, loss_binary_maps: 0.035744, reader_cost: 0.00020 s, batch_cost: 49.96881 s, samples: 160, ips: 0.32020
[2022/12/10 17:28:03] root INFO: epoch: [1/1200], iter: 1760, lr: 0.001000, loss: 0.408449, loss_shrink_maps: 0.176946, loss_threshold_maps: 0.202555, loss_binary_maps: 0.035176, reader_cost: 0.00010 s, batch_cost: 50.08937 s, samples: 160, ips: 0.31943
[2022/12/10 17:36:24] root INFO: epoch: [1/1200], iter: 1770, lr: 0.001000, loss: 0.404172, loss_shrink_maps: 0.177996, loss_threshold_maps: 0.204236, loss_binary_maps: 0.035195, reader_cost: 0.00020 s, batch_cost: 50.04087 s, samples: 160, ips: 0.31974
[2022/12/10 17:44:41] root INFO: epoch: [1/1200], iter: 1780, lr: 0.001000, loss: 0.443267, loss_shrink_maps: 0.181210, loss_threshold_maps: 0.222470, loss_binary_maps: 0.035635, reader_cost: 0.00010 s, batch_cost: 49.71154 s, samples: 160, ips: 0.32186
[2022/12/10 17:52:59] root INFO: epoch: [1/1200], iter: 1790, lr: 0.001000, loss: 0.438383, loss_shrink_maps: 0.183795, loss_threshold_maps: 0.220284, loss_binary_maps: 0.036359, reader_cost: 0.00020 s, batch_cost: 49.83410 s, samples: 160, ips: 0.32107
[2022/12/10 18:01:23] root INFO: epoch: [1/1200], iter: 1800, lr: 0.001000, loss: 0.430614, loss_shrink_maps: 0.178711, loss_threshold_maps: 0.201509, loss_binary_maps: 0.035187, reader_cost: 0.00010 s, batch_cost: 50.36790 s, samples: 160, ips: 0.31766
[2022/12/10 18:09:43] root INFO: epoch: [1/1200], iter: 1810, lr: 0.001000, loss: 0.431671, loss_shrink_maps: 0.185575, loss_threshold_maps: 0.206198, loss_binary_maps: 0.036207, reader_cost: 0.00010 s, batch_cost: 49.99122 s, samples: 160, ips: 0.32006
[2022/12/10 18:18:01] root INFO: epoch: [1/1200], iter: 1820, lr: 0.001000, loss: 0.461076, loss_shrink_maps: 0.191752, loss_threshold_maps: 0.221035, loss_binary_maps: 0.038322, reader_cost: 0.00010 s, batch_cost: 49.85304 s, samples: 160, ips: 0.32094
[2022/12/10 18:26:20] root INFO: epoch: [1/1200], iter: 1830, lr: 0.001000, loss: 0.424168, loss_shrink_maps: 0.179182, loss_threshold_maps: 0.208370, loss_binary_maps: 0.035481, reader_cost: 0.00010 s, batch_cost: 49.82004 s, samples: 160, ips: 0.32116
[2022/12/10 18:34:38] root INFO: epoch: [1/1200], iter: 1840, lr: 0.001000, loss: 0.393176, loss_shrink_maps: 0.172854, loss_threshold_maps: 0.192726, loss_binary_maps: 0.034563, reader_cost: 0.00020 s, batch_cost: 49.85122 s, samples: 160, ips: 0.32096
[2022/12/10 18:42:56] root INFO: epoch: [1/1200], iter: 1850, lr: 0.001000, loss: 0.408016, loss_shrink_maps: 0.179400, loss_threshold_maps: 0.195219, loss_binary_maps: 0.035310, reader_cost: 0.00030 s, batch_cost: 49.78982 s, samples: 160, ips: 0.32135
[2022/12/10 18:51:14] root INFO: epoch: [1/1200], iter: 1860, lr: 0.001000, loss: 0.414443, loss_shrink_maps: 0.183718, loss_threshold_maps: 0.197394, loss_binary_maps: 0.036213, reader_cost: 0.00020 s, batch_cost: 49.83862 s, samples: 160, ips: 0.32104
[2022/12/10 18:59:32] root INFO: epoch: [1/1200], iter: 1870, lr: 0.001000, loss: 0.412372, loss_shrink_maps: 0.176499, loss_threshold_maps: 0.200177, loss_binary_maps: 0.034868, reader_cost: 0.00010 s, batch_cost: 49.71212 s, samples: 160, ips: 0.32185
[2022/12/10 19:07:50] root INFO: epoch: [1/1200], iter: 1880, lr: 0.001000, loss: 0.408821, loss_shrink_maps: 0.176499, loss_threshold_maps: 0.200367, loss_binary_maps: 0.034922, reader_cost: 0.00000 s, batch_cost: 49.86014 s, samples: 160, ips: 0.32090
[2022/12/10 19:16:07] root INFO: epoch: [1/1200], iter: 1890, lr: 0.001000, loss: 0.390960, loss_shrink_maps: 0.169874, loss_threshold_maps: 0.189389, loss_binary_maps: 0.034203, reader_cost: 0.00020 s, batch_cost: 49.70560 s, samples: 160, ips: 0.32190
[2022/12/10 19:24:24] root INFO: epoch: [1/1200], iter: 1900, lr: 0.001000, loss: 0.399432, loss_shrink_maps: 0.172093, loss_threshold_maps: 0.192266, loss_binary_maps: 0.034227, reader_cost: 0.00010 s, batch_cost: 49.71306 s, samples: 160, ips: 0.32185
[2022/12/10 19:32:41] root INFO: epoch: [1/1200], iter: 1910, lr: 0.001000, loss: 0.414112, loss_shrink_maps: 0.183048, loss_threshold_maps: 0.200058, loss_binary_maps: 0.036034, reader_cost: 0.00010 s, batch_cost: 49.60419 s, samples: 160, ips: 0.32255
[2022/12/10 19:40:58] root INFO: epoch: [1/1200], iter: 1920, lr: 0.001000, loss: 0.414008, loss_shrink_maps: 0.178498, loss_threshold_maps: 0.199957, loss_binary_maps: 0.035215, reader_cost: 0.00010 s, batch_cost: 49.77191 s, samples: 160, ips: 0.32147
[2022/12/10 19:49:16] root INFO: epoch: [1/1200], iter: 1930, lr: 0.001000, loss: 0.421659, loss_shrink_maps: 0.182098, loss_threshold_maps: 0.206298, loss_binary_maps: 0.035834, reader_cost: 0.00010 s, batch_cost: 49.78631 s, samples: 160, ips: 0.32137
[2022/12/10 19:57:33] root INFO: epoch: [1/1200], iter: 1940, lr: 0.001000, loss: 0.455043, loss_shrink_maps: 0.205503, loss_threshold_maps: 0.210535, loss_binary_maps: 0.040574, reader_cost: 0.00020 s, batch_cost: 49.73043 s, samples: 160, ips: 0.32173
[2022/12/10 20:05:51] root INFO: epoch: [1/1200], iter: 1950, lr: 0.001000, loss: 0.440831, loss_shrink_maps: 0.199788, loss_threshold_maps: 0.206435, loss_binary_maps: 0.039729, reader_cost: 0.00020 s, batch_cost: 49.76642 s, samples: 160, ips: 0.32150
[2022/12/10 20:14:09] root INFO: epoch: [1/1200], iter: 1960, lr: 0.001000, loss: 0.427797, loss_shrink_maps: 0.184042, loss_threshold_maps: 0.202804, loss_binary_maps: 0.036309, reader_cost: 0.00030 s, batch_cost: 49.83735 s, samples: 160, ips: 0.32104
[2022/12/10 20:22:29] root INFO: epoch: [1/1200], iter: 1970, lr: 0.001000, loss: 0.450530, loss_shrink_maps: 0.194334, loss_threshold_maps: 0.205310, loss_binary_maps: 0.038636, reader_cost: 0.00020 s, batch_cost: 49.90660 s, samples: 160, ips: 0.32060
[2022/12/10 20:30:49] root INFO: epoch: [1/1200], iter: 1980, lr: 0.001000, loss: 0.447291, loss_shrink_maps: 0.200044, loss_threshold_maps: 0.206296, loss_binary_maps: 0.039760, reader_cost: 0.00020 s, batch_cost: 49.99870 s, samples: 160, ips: 0.32001
[2022/12/10 20:39:10] root INFO: epoch: [1/1200], iter: 1990, lr: 0.001000, loss: 0.423500, loss_shrink_maps: 0.181166, loss_threshold_maps: 0.201770, loss_binary_maps: 0.035223, reader_cost: 0.00010 s, batch_cost: 50.15041 s, samples: 160, ips: 0.31904
[2022/12/10 20:47:30] root INFO: epoch: [1/1200], iter: 2000, lr: 0.001000, loss: 0.432710, loss_shrink_maps: 0.180473, loss_threshold_maps: 0.214414, loss_binary_maps: 0.035223, reader_cost: 0.00020 s, batch_cost: 50.01240 s, samples: 160, ips: 0.31992
[2022/12/11 16:41:00] root INFO: cur metric, precision: 0.8357455552577504, recall: 0.9354967748387419, hmean: 0.8828123156777161, fps: 0.5607916056710601
[2022/12/11 16:41:01] root INFO: save
 best model is to ./output/db_mv3/best_accuracy
[2022/12/11 16:41:01] root INFO: best metric, hmean: 0.8828123156777161, precision: 0.8357455552577504, recall: 0.9354967748387419, fps: 0.5607916056710601, best_epoch: 1
[2022/12/11 16:49:25] root INFO: epoch: [1/1200], iter: 2010, lr: 0.001000, loss: 0.421080, loss_shrink_maps: 0.172791, loss_threshold_maps: 0.215790, loss_binary_maps: 0.034031, reader_cost: 0.00030 s, batch_cost: 50.39173 s, samples: 160, ips: 0.31751
[2022/12/11 16:57:49] root INFO: epoch: [1/1200], iter: 2020, lr: 0.001000, loss: 0.447104, loss_shrink_maps: 0.182615, loss_threshold_maps: 0.230447, loss_binary_maps: 0.036031, reader_cost: 0.00020 s, batch_cost: 50.47219 s, samples: 160, ips: 0.31701
[2022/12/11 17:06:11] root INFO: epoch: [1/1200], iter: 2030, lr: 0.001000, loss: 0.452962, loss_shrink_maps: 0.193391, loss_threshold_maps: 0.228042, loss_binary_maps: 0.037998, reader_cost: 0.00010 s, batch_cost: 50.10337 s, samples: 160, ips: 0.31934
[2022/12/11 17:14:31] root INFO: epoch: [1/1200], iter: 2040, lr: 0.001000, loss: 0.426200, loss_shrink_maps: 0.183699, loss_threshold_maps: 0.204670, loss_binary_maps: 0.037043, reader_cost: 0.00040 s, batch_cost: 50.05976 s, samples: 160, ips: 0.31962
[2022/12/11 17:22:50] root INFO: epoch: [1/1200], iter: 2050, lr: 0.001000, loss: 0.426002, loss_shrink_maps: 0.185651, loss_threshold_maps: 0.210088, loss_binary_maps: 0.037248, reader_cost: 0.00040 s, batch_cost: 49.93070 s, samples: 160, ips: 0.32044
[2022/12/11 17:31:09] root INFO: epoch: [1/1200], iter: 2060, lr: 0.001000, loss: 0.402377, loss_shrink_maps: 0.174316, loss_threshold_maps: 0.199554, loss_binary_maps: 0.034632, reader_cost: 0.00010 s, batch_cost: 49.87853 s, samples: 160, ips: 0.32078
[2022/12/11 17:39:29] root INFO: epoch: [1/1200], iter: 2070, lr: 0.001000, loss: 0.391970, loss_shrink_maps: 0.167783, loss_threshold_maps: 0.188490, loss_binary_maps: 0.033215, reader_cost: 0.00010 s, batch_cost: 49.97667 s, samples: 160, ips: 0.32015
[2022/12/11 17:47:48] root INFO: epoch: [1/1200], iter: 2080, lr: 0.001000, loss: 0.382652, loss_shrink_maps: 0.166056, loss_threshold_maps: 0.182663, loss_binary_maps: 0.033131, reader_cost: 0.00020 s, batch_cost: 49.89778 s, samples: 160, ips: 0.32066
[2022/12/11 17:56:08] root INFO: epoch: [1/1200], iter: 2090, lr: 0.001000, loss: 0.385044, loss_shrink_maps: 0.165614, loss_threshold_maps: 0.182663, loss_binary_maps: 0.032901, reader_cost: 0.00030 s, batch_cost: 49.95407 s, samples: 160, ips: 0.32029
[2022/12/11 18:04:31] root INFO: epoch: [1/1200], iter: 2100, lr: 0.001000, loss: 0.394664, loss_shrink_maps: 0.173769, loss_threshold_maps: 0.193250, loss_binary_maps: 0.034400, reader_cost: 0.00020 s, batch_cost: 50.32705 s, samples: 160, ips: 0.31792
